Using pre-set license
Built from '2021.3/staging' branch; Version is '2021.3.26f1 (a16dc32e0ff2) revision 10579395'; Using compiler version '192829333'; Build Type 'Release'
OS: 'Windows 10  (10.0.19045) 64bit Professional' Language: 'es' Physical Memory: 10178 MB
BatchMode: 1, IsHumanControllingUs: 0, StartBugReporterOnCrash: 0, Is64bit: 1, IsPro: 1

COMMAND LINE ARGUMENTS:
C:\Program Files\Unity\Hub\Editor\2021.3.26f1-x86_64\Editor\Unity.exe
-adb2
-batchMode
-noUpm
-name
AssetImportWorker11
-projectPath
C:/Users/Angel/Desktop/Unity Proyects/Sapo-Maurrice
-logFile
Logs/AssetImportWorker11.log
-srvPort
62106
Successfully changed project path to: C:/Users/Angel/Desktop/Unity Proyects/Sapo-Maurrice
C:/Users/Angel/Desktop/Unity Proyects/Sapo-Maurrice
[UnityMemory] Configuration Parameters - Can be set up in boot.config
    "memorysetup-bucket-allocator-granularity=16"
    "memorysetup-bucket-allocator-bucket-count=8"
    "memorysetup-bucket-allocator-block-size=33554432"
    "memorysetup-bucket-allocator-block-count=8"
    "memorysetup-main-allocator-block-size=16777216"
    "memorysetup-thread-allocator-block-size=16777216"
    "memorysetup-gfx-main-allocator-block-size=16777216"
    "memorysetup-gfx-thread-allocator-block-size=16777216"
    "memorysetup-cache-allocator-block-size=4194304"
    "memorysetup-typetree-allocator-block-size=2097152"
    "memorysetup-profiler-bucket-allocator-granularity=16"
    "memorysetup-profiler-bucket-allocator-bucket-count=8"
    "memorysetup-profiler-bucket-allocator-block-size=33554432"
    "memorysetup-profiler-bucket-allocator-block-count=8"
    "memorysetup-profiler-allocator-block-size=16777216"
    "memorysetup-profiler-editor-allocator-block-size=1048576"
    "memorysetup-temp-allocator-size-main=16777216"
    "memorysetup-job-temp-allocator-block-size=2097152"
    "memorysetup-job-temp-allocator-block-size-background=1048576"
    "memorysetup-job-temp-allocator-reduction-small-platforms=262144"
    "memorysetup-temp-allocator-size-background-worker=32768"
    "memorysetup-temp-allocator-size-job-worker=262144"
    "memorysetup-temp-allocator-size-preload-manager=33554432"
    "memorysetup-temp-allocator-size-nav-mesh-worker=65536"
    "memorysetup-temp-allocator-size-audio-worker=65536"
    "memorysetup-temp-allocator-size-cloud-worker=32768"
    "memorysetup-temp-allocator-size-gi-baking-worker=262144"
    "memorysetup-temp-allocator-size-gfx=262144"
Player connection [4448] Host "[IP] 192.168.0.8 [Port] 0 [Flags] 2 [Guid] 4284307577 [EditorId] 4284307577 [Version] 1048832 [Id] WindowsEditor(7,DESKTOP-C06JN9I) [Debug] 1 [PackageName] WindowsEditor [ProjectName] Editor" joined multi-casting on [225.0.0.222:54997]...

Player connection [4448] Host "[IP] 192.168.0.8 [Port] 0 [Flags] 2 [Guid] 4284307577 [EditorId] 4284307577 [Version] 1048832 [Id] WindowsEditor(7,DESKTOP-C06JN9I) [Debug] 1 [PackageName] WindowsEditor [ProjectName] Editor" joined alternative multi-casting on [225.0.0.222:34997]...

Refreshing native plugins compatible for Editor in 252.38 ms, found 4 plugins.
Preloading 0 native plugins for Editor in 0.00 ms.
Initialize engine version: 2021.3.26f1 (a16dc32e0ff2)
[Subsystems] Discovering subsystems at path C:/Program Files/Unity/Hub/Editor/2021.3.26f1-x86_64/Editor/Data/Resources/UnitySubsystems
[Subsystems] Discovering subsystems at path C:/Users/Angel/Desktop/Unity Proyects/Sapo-Maurrice/Assets
GfxDevice: creating device client; threaded=0; jobified=0
Direct3D:
    Version:  Direct3D 11.0 [level 11.1]
    Renderer: AMD Radeon(TM) Vega 8 Graphics (ID=0x15d8)
    Vendor:   ATI
    VRAM:     5089 MB
    Driver:   31.0.12027.9001
Initialize mono
Mono path[0] = 'C:/Program Files/Unity/Hub/Editor/2021.3.26f1-x86_64/Editor/Data/Managed'
Mono path[1] = 'C:/Program Files/Unity/Hub/Editor/2021.3.26f1-x86_64/Editor/Data/MonoBleedingEdge/lib/mono/unityjit-win32'
Mono config path = 'C:/Program Files/Unity/Hub/Editor/2021.3.26f1-x86_64/Editor/Data/MonoBleedingEdge/etc'
Using monoOptions --debugger-agent=transport=dt_socket,embedding=1,server=y,suspend=n,address=127.0.0.1:56724
Begin MonoManager ReloadAssembly
Registering precompiled unity dll's ...
Register platform support module: C:/Program Files/Unity/Hub/Editor/2021.3.26f1-x86_64/Editor/Data/PlaybackEngines/AndroidPlayer/UnityEditor.Android.Extensions.dll
Register platform support module: C:/Program Files/Unity/Hub/Editor/2021.3.26f1-x86_64/Editor/Data/PlaybackEngines/WindowsStandaloneSupport/UnityEditor.WindowsStandalone.Extensions.dll
Registered in 0.029902 seconds.
Native extension for WindowsStandalone target not found
Native extension for Android target not found
Android Extension - Scanning For ADB Devices 644 ms
Refreshing native plugins compatible for Editor in 208.64 ms, found 4 plugins.
Preloading 0 native plugins for Editor in 0.00 ms.
Mono: successfully reloaded assembly
- Completed reload, in  2.247 seconds
Domain Reload Profiling:
	ReloadAssembly (2248ms)
		BeginReloadAssembly (210ms)
			ExecutionOrderSort (0ms)
			DisableScriptedObjects (0ms)
			BackupInstance (0ms)
			ReleaseScriptingObjects (0ms)
			CreateAndSetChildDomain (2ms)
		EndReloadAssembly (1789ms)
			LoadAssemblies (202ms)
			RebuildTransferFunctionScriptingTraits (0ms)
			SetupTypeCache (251ms)
			ReleaseScriptCaches (0ms)
			RebuildScriptCaches (73ms)
			SetupLoadedEditorAssemblies (1323ms)
				LogAssemblyErrors (0ms)
				InitializePlatformSupportModulesInManaged (867ms)
				SetLoadedEditorAssemblies (0ms)
				RefreshPlugins (209ms)
				BeforeProcessingInitializeOnLoad (2ms)
				ProcessInitializeOnLoadAttributes (163ms)
				ProcessInitializeOnLoadMethodAttributes (82ms)
				AfterProcessingInitializeOnLoad (0ms)
				EditorAssembliesLoaded (0ms)
			ExecutionOrderSort2 (0ms)
			AwakeInstancesAfterBackupRestoration (0ms)
Platform modules already initialized, skipping
Registering precompiled user dll's ...
Registered in 0.018987 seconds.
Begin MonoManager ReloadAssembly
Symbol file LoadedFromMemory doesn't match image C:\Users\Angel\Desktop\Unity Proyects\Sapo-Maurrice\Library\PackageCache\com.unity.visualscripting@1.8.0\Editor\VisualScripting.Core\Dependencies\YamlDotNet\Unity.VisualScripting.YamlDotNet.dll
Symbol file LoadedFromMemory doesn't match image C:\Users\Angel\Desktop\Unity Proyects\Sapo-Maurrice\Library\PackageCache\com.unity.visualscripting@1.8.0\Editor\VisualScripting.Core\Dependencies\DotNetZip\Unity.VisualScripting.IonicZip.dll
Native extension for WindowsStandalone target not found
Native extension for Android target not found
Refreshing native plugins compatible for Editor in 245.39 ms, found 4 plugins.
Preloading 0 native plugins for Editor in 0.00 ms.
Mono: successfully reloaded assembly
- Completed reload, in  3.023 seconds
Domain Reload Profiling:
	ReloadAssembly (3024ms)
		BeginReloadAssembly (261ms)
			ExecutionOrderSort (0ms)
			DisableScriptedObjects (11ms)
			BackupInstance (0ms)
			ReleaseScriptingObjects (0ms)
			CreateAndSetChildDomain (39ms)
		EndReloadAssembly (2519ms)
			LoadAssemblies (235ms)
			RebuildTransferFunctionScriptingTraits (0ms)
			SetupTypeCache (593ms)
			ReleaseScriptCaches (2ms)
			RebuildScriptCaches (180ms)
			SetupLoadedEditorAssemblies (1398ms)
				LogAssemblyErrors (0ms)
				InitializePlatformSupportModulesInManaged (45ms)
				SetLoadedEditorAssemblies (0ms)
				RefreshPlugins (246ms)
				BeforeProcessingInitializeOnLoad (247ms)
				ProcessInitializeOnLoadAttributes (622ms)
				ProcessInitializeOnLoadMethodAttributes (217ms)
				AfterProcessingInitializeOnLoad (21ms)
				EditorAssembliesLoaded (0ms)
			ExecutionOrderSort2 (0ms)
			AwakeInstancesAfterBackupRestoration (11ms)
Platform modules already initialized, skipping
========================================================================
Worker process is ready to serve import requests
Launched and connected shader compiler UnityShaderCompiler.exe after 0.97 seconds
Refreshing native plugins compatible for Editor in 2.68 ms, found 4 plugins.
Preloading 0 native plugins for Editor in 0.00 ms.
Unloading 5539 Unused Serialized files (Serialized files now loaded: 0)
Unloading 53 unused Assets / (1.0 MB). Loaded Objects now: 5996.
Memory consumption went from 225.3 MB to 224.3 MB.
Total: 7.944400 ms (FindLiveObjects: 0.999700 ms CreateObjectMapping: 0.776200 ms MarkObjects: 5.277700 ms  DeleteObjects: 0.888200 ms)

AssetImportParameters requested are different than current active one (requested -> active):
  custom:video-decoder-ogg-theora: a1e56fd34408186e4bbccfd4996cb3dc -> 
  custom:container-muxer-webm: aa71ff27fc2769a1b78a27578f13a17b -> 
  custom:container-demuxer-webm: 4f35f7cbe854078d1ac9338744f61a02 -> 
  custom:video-encoder-webm-vp8: eb34c28f22e8b96e1ab97ce403110664 -> 
  custom:audio-encoder-webm-vorbis: bf7c407c2cedff20999df2af8eb42d56 -> 
  custom:framework-win-MediaFoundation: 216162199b28c13a410421893ffa2e32 -> 
  custom:container-demuxer-ogg: 62fdf1f143b41e24485cea50d1cbac27 -> 
  custom:video-decoder-webm-vp8: 9c59270c3fd7afecdb556c50c9e8de78 -> 
  custom:audio-decoder-ogg-vorbis: bf7c407c2cedff20999df2af8eb42d56 -> 
========================================================================
Received Import Request.
  Time since last request: 231141.515890 seconds.
  path: Assets/Angel/PreFabs/UI/Relajarse.prefab
  artifactKey: Guid(74bf4001c1a367f4e981cd8f9c725541) Importer(815301076,1909f56bfc062723c751e8b465ee728b)
Start importing Assets/Angel/PreFabs/UI/Relajarse.prefab using Guid(74bf4001c1a367f4e981cd8f9c725541) Importer(815301076,1909f56bfc062723c751e8b465ee728b)  -> (artifact id: '9f20289d92522d3bae90c875f27f534f') in 0.430231 seconds 
========================================================================
Received Import Request.
  Time since last request: 0.000060 seconds.
  path: Assets/Angel/PreFabs/UI/TextBox.prefab
  artifactKey: Guid(7af0d0bc4c341a14fbb866bd693fd205) Importer(815301076,1909f56bfc062723c751e8b465ee728b)
Start importing Assets/Angel/PreFabs/UI/TextBox.prefab using Guid(7af0d0bc4c341a14fbb866bd693fd205) Importer(815301076,1909f56bfc062723c751e8b465ee728b)  -> (artifact id: '4022f523a5002a3a4ef8eba7de049383') in 0.041854 seconds 
========================================================================
Received Import Request.
  Time since last request: 0.000054 seconds.
  path: Assets/Angel/PreFabs/UI/Salir.prefab
  artifactKey: Guid(557e4e94eabd48a4dafa3bdd2db3e8ac) Importer(815301076,1909f56bfc062723c751e8b465ee728b)
Start importing Assets/Angel/PreFabs/UI/Salir.prefab using Guid(557e4e94eabd48a4dafa3bdd2db3e8ac) Importer(815301076,1909f56bfc062723c751e8b465ee728b)  -> (artifact id: 'b59ab61745750bfeb4fe576055681581') in 0.033245 seconds 
========================================================================
Received Import Request.
  Time since last request: 0.000037 seconds.
  path: Assets/Angel/PreFabs/UI/Estudio.prefab
  artifactKey: Guid(000b899fcd1f7a84b823cebecab529ee) Importer(815301076,1909f56bfc062723c751e8b465ee728b)
Start importing Assets/Angel/PreFabs/UI/Estudio.prefab using Guid(000b899fcd1f7a84b823cebecab529ee) Importer(815301076,1909f56bfc062723c751e8b465ee728b)  -> (artifact id: 'df69b4710916875be2babda8bf654476') in 0.032094 seconds 
========================================================================
Received Import Request.
  Time since last request: 182.899020 seconds.
  path: Assets/Angel/PreFabs/UI
  artifactKey: Guid(f09155736f97a324e9145848f2ca1b5a) Importer(815301076,1909f56bfc062723c751e8b465ee728b)
Start importing Assets/Angel/PreFabs/UI using Guid(f09155736f97a324e9145848f2ca1b5a) Importer(815301076,1909f56bfc062723c751e8b465ee728b)  -> (artifact id: '2b3b72bac96dd77bd43038761cce4c5f') in 0.007601 seconds 
========================================================================
Received Import Request.
  Time since last request: 23.564623 seconds.
  path: Assets/Scenes/Pantalla_Inicio.unity
  artifactKey: Guid(8c9cfa26abfee488c85f1582747f6a02) Importer(815301076,1909f56bfc062723c751e8b465ee728b)
Start importing Assets/Scenes/Pantalla_Inicio.unity using Guid(8c9cfa26abfee488c85f1582747f6a02) Importer(815301076,1909f56bfc062723c751e8b465ee728b)  -> (artifact id: '21bd2ebd01c4008b106a652d4410a1cf') in 0.018272 seconds 
========================================================================
Received Import Request.
  Time since last request: 54.183105 seconds.
  path: Assets/Angel/PreFabs/UI/UI(Pantalla Inicio).prefab
  artifactKey: Guid(af171cd9e95149e45a01581f73b4dcac) Importer(815301076,1909f56bfc062723c751e8b465ee728b)
Start importing Assets/Angel/PreFabs/UI/UI(Pantalla Inicio).prefab using Guid(af171cd9e95149e45a01581f73b4dcac) Importer(815301076,1909f56bfc062723c751e8b465ee728b)  -> (artifact id: 'a99bee77716b89cecaaaceeaa6a03992') in 0.061005 seconds 
========================================================================
Received Import Request.
  Time since last request: 15.913782 seconds.
  path: Assets/Angel/PreFabs/UI/Opciones.prefab
  artifactKey: Guid(c9bb088639ab26147a8c54ad1668642f) Importer(815301076,1909f56bfc062723c751e8b465ee728b)
Start importing Assets/Angel/PreFabs/UI/Opciones.prefab using Guid(c9bb088639ab26147a8c54ad1668642f) Importer(815301076,1909f56bfc062723c751e8b465ee728b)  -> (artifact id: 'f0185468e04cbde2e55294fe08ee2e29') in 0.042168 seconds 
========================================================================
Received Import Request.
  Time since last request: 39.399424 seconds.
  path: Assets/Dialoge/test.json
  artifactKey: Guid(5d79075a6c7908846829a7bf4a2e615d) Importer(815301076,1909f56bfc062723c751e8b465ee728b)
Start importing Assets/Dialoge/test.json using Guid(5d79075a6c7908846829a7bf4a2e615d) Importer(815301076,1909f56bfc062723c751e8b465ee728b)  -> (artifact id: '091dbdfe5aedc1388fad298d549e5441') in 0.155773 seconds 
========================================================================
Received Import Request.
  Time since last request: 482.121771 seconds.
  path: Assets/Ink/Editor/InkEditor.asmdef
  artifactKey: Guid(2047ab7874eb449d78c2b459017aa506) Importer(815301076,1909f56bfc062723c751e8b465ee728b)
Start importing Assets/Ink/Editor/InkEditor.asmdef using Guid(2047ab7874eb449d78c2b459017aa506) Importer(815301076,1909f56bfc062723c751e8b465ee728b)  -> (artifact id: '998056a235aec1e5d2ad28dce2d1f3b3') in 0.064182 seconds 
========================================================================
Received Import Request.
  Time since last request: 1.688252 seconds.
  path: Assets/Ink/InkLibs/Ink-Libraries.asmdef
  artifactKey: Guid(58bed0e7c5306824586d7eda03609289) Importer(815301076,1909f56bfc062723c751e8b465ee728b)
Start importing Assets/Ink/InkLibs/Ink-Libraries.asmdef using Guid(58bed0e7c5306824586d7eda03609289) Importer(815301076,1909f56bfc062723c751e8b465ee728b)  -> (artifact id: '1736d19bc7167f6fe043d04427acc899') in 0.021618 seconds 
========================================================================
Received Import Request.
  Time since last request: 914.865007 seconds.
  path: Assets/Ink/Demos/Basic Demo/Prefabs/Button.prefab
  artifactKey: Guid(37c108a6c38964f79a6621eccb33ddc1) Importer(815301076,1909f56bfc062723c751e8b465ee728b)
Start importing Assets/Ink/Demos/Basic Demo/Prefabs/Button.prefab using Guid(37c108a6c38964f79a6621eccb33ddc1) Importer(815301076,1909f56bfc062723c751e8b465ee728b)  -> (artifact id: '818b7375903c9c083c6e314a97ed39de') in 0.116920 seconds 
========================================================================
Received Import Request.
  Time since last request: 4.444324 seconds.
  path: Assets/Ink/Demos/Basic Demo/Scripts/BasicInkExample.cs
  artifactKey: Guid(66e957d58a4584a8894329531ec0b096) Importer(815301076,1909f56bfc062723c751e8b465ee728b)
Start importing Assets/Ink/Demos/Basic Demo/Scripts/BasicInkExample.cs using Guid(66e957d58a4584a8894329531ec0b096) Importer(815301076,1909f56bfc062723c751e8b465ee728b)  -> (artifact id: 'b62bbb93b50376516fc491992357d7bb') in 0.219318 seconds 
========================================================================
Received Import Request.
  Time since last request: 9.088915 seconds.
  path: Assets/Ink/Documentation
  artifactKey: Guid(17f3a73e2c97e4fc7a9c07cb14b88e2c) Importer(815301076,1909f56bfc062723c751e8b465ee728b)
Start importing Assets/Ink/Documentation using Guid(17f3a73e2c97e4fc7a9c07cb14b88e2c) Importer(815301076,1909f56bfc062723c751e8b465ee728b)  -> (artifact id: 'fe8ca48376ad14412e2321b8263f2f95') in 0.016119 seconds 
========================================================================
Received Import Request.
  Time since last request: 0.438584 seconds.
  path: Assets/Ink/Editor
  artifactKey: Guid(68ec26d182ed34567bc7d90ad6bba5fc) Importer(815301076,1909f56bfc062723c751e8b465ee728b)
Start importing Assets/Ink/Editor using Guid(68ec26d182ed34567bc7d90ad6bba5fc) Importer(815301076,1909f56bfc062723c751e8b465ee728b)  -> (artifact id: '64e6adfc080c6552f4faf29da0d2acca') in 0.041531 seconds 
========================================================================
Received Import Request.
  Time since last request: 833.842342 seconds.
  path: Assets/Angel/Scripts/Dialogue
  artifactKey: Guid(ecd18d2754202a64e8520b6f3d476413) Importer(815301076,1909f56bfc062723c751e8b465ee728b)
Start importing Assets/Angel/Scripts/Dialogue using Guid(ecd18d2754202a64e8520b6f3d476413) Importer(815301076,1909f56bfc062723c751e8b465ee728b)  -> (artifact id: '487ef8d0842b6b1b082967819875502d') in 0.017551 seconds 
========================================================================
Received Import Request.
  Time since last request: 110.627028 seconds.
  path: Assets/Scenes/Universidad.unity
  artifactKey: Guid(30ccce8f5f5b81646a7803a383472414) Importer(815301076,1909f56bfc062723c751e8b465ee728b)
Start importing Assets/Scenes/Universidad.unity using Guid(30ccce8f5f5b81646a7803a383472414) Importer(815301076,1909f56bfc062723c751e8b465ee728b)  -> (artifact id: 'e997f5b4db4715c58b0c0345f2a714ac') in 0.023669 seconds 
========================================================================
Received Import Request.
  Time since last request: 15.158514 seconds.
  path: Assets/Scenes/Pieza.unity
  artifactKey: Guid(ddb35a7f56cd0274380b2911080a998f) Importer(815301076,1909f56bfc062723c751e8b465ee728b)
Start importing Assets/Scenes/Pieza.unity using Guid(ddb35a7f56cd0274380b2911080a998f) Importer(815301076,1909f56bfc062723c751e8b465ee728b)  -> (artifact id: '5fbfb16127cfb781741ebf1f1d9d8792') in 0.008679 seconds 
========================================================================
Received Import Request.
  Time since last request: 16.886599 seconds.
  path: Assets/Scenes/Pieza 1.unity
  artifactKey: Guid(7ee13e8ea0ea44b4cb25fea90fe70753) Importer(815301076,1909f56bfc062723c751e8b465ee728b)
Start importing Assets/Scenes/Pieza 1.unity using Guid(7ee13e8ea0ea44b4cb25fea90fe70753) Importer(815301076,1909f56bfc062723c751e8b465ee728b)  -> (artifact id: 'af71664003131d02650650c7fb50af72') in 0.014831 seconds 
========================================================================
Received Import Request.
  Time since last request: 10.146350 seconds.
  path: Assets/Scenes/Universidad.unity
  artifactKey: Guid(7ee13e8ea0ea44b4cb25fea90fe70753) Importer(815301076,1909f56bfc062723c751e8b465ee728b)
Start importing Assets/Scenes/Universidad.unity using Guid(7ee13e8ea0ea44b4cb25fea90fe70753) Importer(815301076,1909f56bfc062723c751e8b465ee728b)  -> (artifact id: '20feae430611c5f2eb109b1330d37c24') in 0.004104 seconds 
========================================================================
Received Import Request.
  Time since last request: 43.354235 seconds.
  path: Assets/Arte/Fondo/SalaClases.png
  artifactKey: Guid(8fa56b1cbce285f41b856f5f51405873) Importer(815301076,1909f56bfc062723c751e8b465ee728b)
Start importing Assets/Arte/Fondo/SalaClases.png using Guid(8fa56b1cbce285f41b856f5f51405873) Importer(815301076,1909f56bfc062723c751e8b465ee728b)  -> (artifact id: 'a2bb16525dc6d273b48922e26b7f3579') in 0.649228 seconds 
========================================================================
Received Import Request.
  Time since last request: 410.841573 seconds.
  path: Assets/Arte/Fondo/New Signal.signal
  artifactKey: Guid(9a5e097c9112b0b438ef8a25ee2a602e) Importer(815301076,1909f56bfc062723c751e8b465ee728b)
Start importing Assets/Arte/Fondo/New Signal.signal using Guid(9a5e097c9112b0b438ef8a25ee2a602e) Importer(815301076,1909f56bfc062723c751e8b465ee728b)  -> (artifact id: 'dd862944a42a79dc752a2e60f5063050') in 0.023827 seconds 
========================================================================
Received Import Request.
  Time since last request: 49.905146 seconds.
  path: Assets/PlayerPrefsEditor/CHANGELOG.md
  artifactKey: Guid(53e2fe1165389a84c8c415eed555029d) Importer(815301076,1909f56bfc062723c751e8b465ee728b)
Start importing Assets/PlayerPrefsEditor/CHANGELOG.md using Guid(53e2fe1165389a84c8c415eed555029d) Importer(815301076,1909f56bfc062723c751e8b465ee728b)  -> (artifact id: '0c9c5d75b91722af8657633aeb89d893') in 0.068068 seconds 
========================================================================
Received Import Request.
  Time since last request: 125.692534 seconds.
  path: Assets/Arte/Fondo/Advertencia.json
  artifactKey: Guid(e7659ef18f87acf48b7cd0ff2eaa14db) Importer(815301076,1909f56bfc062723c751e8b465ee728b)
Start importing Assets/Arte/Fondo/Advertencia.json using Guid(e7659ef18f87acf48b7cd0ff2eaa14db) Importer(815301076,1909f56bfc062723c751e8b465ee728b)  -> (artifact id: '9f4900e3576ec8c4f29c7a046486c537') in 0.016997 seconds 
========================================================================
Received Import Request.
  Time since last request: 70.780814 seconds.
  path: Assets/Arte/Fondo/SalaClases.png
  artifactKey: Guid(8fa56b1cbce285f41b856f5f51405873) Importer(815301076,1909f56bfc062723c751e8b465ee728b)
Start importing Assets/Arte/Fondo/SalaClases.png using Guid(8fa56b1cbce285f41b856f5f51405873) Importer(815301076,1909f56bfc062723c751e8b465ee728b)  -> (artifact id: '5a5b1d67760530d4cdf4c3c0675ad7cb') in 0.029835 seconds 
========================================================================
Received Prepare
Registering precompiled user dll's ...
Registered in 0.019561 seconds.
Begin MonoManager ReloadAssembly
Symbol file LoadedFromMemory doesn't match image C:\Users\Angel\Desktop\Unity Proyects\Sapo-Maurrice\Library\PackageCache\com.unity.visualscripting@1.8.0\Editor\VisualScripting.Core\Dependencies\YamlDotNet\Unity.VisualScripting.YamlDotNet.dll
Symbol file LoadedFromMemory doesn't match image C:\Users\Angel\Desktop\Unity Proyects\Sapo-Maurrice\Library\PackageCache\com.unity.visualscripting@1.8.0\Editor\VisualScripting.Core\Dependencies\DotNetZip\Unity.VisualScripting.IonicZip.dll
Native extension for WindowsStandalone target not found
Native extension for Android target not found
Refreshing native plugins compatible for Editor in 2.37 ms, found 4 plugins.
Preloading 0 native plugins for Editor in 0.00 ms.
Mono: successfully reloaded assembly
- Completed reload, in  3.029 seconds
Domain Reload Profiling:
	ReloadAssembly (3031ms)
		BeginReloadAssembly (718ms)
			ExecutionOrderSort (0ms)
			DisableScriptedObjects (24ms)
			BackupInstance (0ms)
			ReleaseScriptingObjects (0ms)
			CreateAndSetChildDomain (177ms)
		EndReloadAssembly (2021ms)
			LoadAssemblies (517ms)
			RebuildTransferFunctionScriptingTraits (0ms)
			SetupTypeCache (543ms)
			ReleaseScriptCaches (3ms)
			RebuildScriptCaches (148ms)
			SetupLoadedEditorAssemblies (943ms)
				LogAssemblyErrors (0ms)
				InitializePlatformSupportModulesInManaged (38ms)
				SetLoadedEditorAssemblies (1ms)
				RefreshPlugins (3ms)
				BeforeProcessingInitializeOnLoad (163ms)
				ProcessInitializeOnLoadAttributes (545ms)
				ProcessInitializeOnLoadMethodAttributes (168ms)
				AfterProcessingInitializeOnLoad (25ms)
				EditorAssembliesLoaded (0ms)
			ExecutionOrderSort2 (0ms)
			AwakeInstancesAfterBackupRestoration (19ms)
Platform modules already initialized, skipping
Refreshing native plugins compatible for Editor in 7.82 ms, found 4 plugins.
Preloading 0 native plugins for Editor in 0.00 ms.
Unloading 5393 Unused Serialized files (Serialized files now loaded: 0)
Unloading 32 unused Assets / (0.8 MB). Loaded Objects now: 6019.
Memory consumption went from 214.0 MB to 213.2 MB.
Total: 11.089900 ms (FindLiveObjects: 1.032700 ms CreateObjectMapping: 0.814900 ms MarkObjects: 8.386800 ms  DeleteObjects: 0.853200 ms)

AssetImportParameters requested are different than current active one (requested -> active):
  custom:video-decoder-ogg-theora: a1e56fd34408186e4bbccfd4996cb3dc -> 
  custom:container-muxer-webm: aa71ff27fc2769a1b78a27578f13a17b -> 
  custom:container-demuxer-webm: 4f35f7cbe854078d1ac9338744f61a02 -> 
  custom:video-encoder-webm-vp8: eb34c28f22e8b96e1ab97ce403110664 -> 
  custom:audio-encoder-webm-vorbis: bf7c407c2cedff20999df2af8eb42d56 -> 
  custom:framework-win-MediaFoundation: 216162199b28c13a410421893ffa2e32 -> 
  custom:container-demuxer-ogg: 62fdf1f143b41e24485cea50d1cbac27 -> 
  custom:video-decoder-webm-vp8: 9c59270c3fd7afecdb556c50c9e8de78 -> 
  custom:audio-decoder-ogg-vorbis: bf7c407c2cedff20999df2af8eb42d56 -> 
========================================================================
Received Prepare
Registering precompiled user dll's ...
Registered in 0.011644 seconds.
Begin MonoManager ReloadAssembly
Symbol file LoadedFromMemory doesn't match image C:\Users\Angel\Desktop\Unity Proyects\Sapo-Maurrice\Library\PackageCache\com.unity.visualscripting@1.8.0\Editor\VisualScripting.Core\Dependencies\YamlDotNet\Unity.VisualScripting.YamlDotNet.dll
Symbol file LoadedFromMemory doesn't match image C:\Users\Angel\Desktop\Unity Proyects\Sapo-Maurrice\Library\PackageCache\com.unity.visualscripting@1.8.0\Editor\VisualScripting.Core\Dependencies\DotNetZip\Unity.VisualScripting.IonicZip.dll
Native extension for WindowsStandalone target not found
Native extension for Android target not found
Refreshing native plugins compatible for Editor in 1.40 ms, found 4 plugins.
Preloading 0 native plugins for Editor in 0.00 ms.
Mono: successfully reloaded assembly
- Completed reload, in  2.389 seconds
Domain Reload Profiling:
	ReloadAssembly (2390ms)
		BeginReloadAssembly (288ms)
			ExecutionOrderSort (0ms)
			DisableScriptedObjects (10ms)
			BackupInstance (0ms)
			ReleaseScriptingObjects (0ms)
			CreateAndSetChildDomain (79ms)
		EndReloadAssembly (1839ms)
			LoadAssemblies (200ms)
			RebuildTransferFunctionScriptingTraits (0ms)
			SetupTypeCache (528ms)
			ReleaseScriptCaches (4ms)
			RebuildScriptCaches (111ms)
			SetupLoadedEditorAssemblies (884ms)
				LogAssemblyErrors (0ms)
				InitializePlatformSupportModulesInManaged (49ms)
				SetLoadedEditorAssemblies (1ms)
				RefreshPlugins (2ms)
				BeforeProcessingInitializeOnLoad (203ms)
				ProcessInitializeOnLoadAttributes (446ms)
				ProcessInitializeOnLoadMethodAttributes (168ms)
				AfterProcessingInitializeOnLoad (16ms)
				EditorAssembliesLoaded (0ms)
			ExecutionOrderSort2 (0ms)
			AwakeInstancesAfterBackupRestoration (11ms)
Platform modules already initialized, skipping
Refreshing native plugins compatible for Editor in 6.25 ms, found 4 plugins.
Preloading 0 native plugins for Editor in 0.00 ms.
Unloading 5393 Unused Serialized files (Serialized files now loaded: 0)
Unloading 28 unused Assets / (0.8 MB). Loaded Objects now: 6034.
Memory consumption went from 214.0 MB to 213.2 MB.
Total: 8.391800 ms (FindLiveObjects: 0.744200 ms CreateObjectMapping: 0.837700 ms MarkObjects: 5.891100 ms  DeleteObjects: 0.917000 ms)

AssetImportParameters requested are different than current active one (requested -> active):
  custom:video-decoder-ogg-theora: a1e56fd34408186e4bbccfd4996cb3dc -> 
  custom:container-muxer-webm: aa71ff27fc2769a1b78a27578f13a17b -> 
  custom:container-demuxer-webm: 4f35f7cbe854078d1ac9338744f61a02 -> 
  custom:video-encoder-webm-vp8: eb34c28f22e8b96e1ab97ce403110664 -> 
  custom:audio-encoder-webm-vorbis: bf7c407c2cedff20999df2af8eb42d56 -> 
  custom:framework-win-MediaFoundation: 216162199b28c13a410421893ffa2e32 -> 
  custom:container-demuxer-ogg: 62fdf1f143b41e24485cea50d1cbac27 -> 
  custom:video-decoder-webm-vp8: 9c59270c3fd7afecdb556c50c9e8de78 -> 
  custom:audio-decoder-ogg-vorbis: bf7c407c2cedff20999df2af8eb42d56 -> 
========================================================================
Received Prepare
Registering precompiled user dll's ...
Registered in 0.017293 seconds.
Begin MonoManager ReloadAssembly
Symbol file LoadedFromMemory doesn't match image C:\Users\Angel\Desktop\Unity Proyects\Sapo-Maurrice\Library\PackageCache\com.unity.visualscripting@1.8.0\Editor\VisualScripting.Core\Dependencies\YamlDotNet\Unity.VisualScripting.YamlDotNet.dll
Symbol file LoadedFromMemory doesn't match image C:\Users\Angel\Desktop\Unity Proyects\Sapo-Maurrice\Library\PackageCache\com.unity.visualscripting@1.8.0\Editor\VisualScripting.Core\Dependencies\DotNetZip\Unity.VisualScripting.IonicZip.dll
Native extension for WindowsStandalone target not found
Native extension for Android target not found
Refreshing native plugins compatible for Editor in 2.98 ms, found 4 plugins.
Preloading 0 native plugins for Editor in 0.00 ms.
Mono: successfully reloaded assembly
- Completed reload, in  2.763 seconds
Domain Reload Profiling:
	ReloadAssembly (2764ms)
		BeginReloadAssembly (363ms)
			ExecutionOrderSort (0ms)
			DisableScriptedObjects (17ms)
			BackupInstance (0ms)
			ReleaseScriptingObjects (0ms)
			CreateAndSetChildDomain (100ms)
		EndReloadAssembly (2157ms)
			LoadAssemblies (284ms)
			RebuildTransferFunctionScriptingTraits (0ms)
			SetupTypeCache (608ms)
			ReleaseScriptCaches (4ms)
			RebuildScriptCaches (131ms)
			SetupLoadedEditorAssemblies (992ms)
				LogAssemblyErrors (0ms)
				InitializePlatformSupportModulesInManaged (57ms)
				SetLoadedEditorAssemblies (2ms)
				RefreshPlugins (3ms)
				BeforeProcessingInitializeOnLoad (202ms)
				ProcessInitializeOnLoadAttributes (509ms)
				ProcessInitializeOnLoadMethodAttributes (190ms)
				AfterProcessingInitializeOnLoad (28ms)
				EditorAssembliesLoaded (1ms)
			ExecutionOrderSort2 (0ms)
			AwakeInstancesAfterBackupRestoration (17ms)
Platform modules already initialized, skipping
Refreshing native plugins compatible for Editor in 5.23 ms, found 4 plugins.
Preloading 0 native plugins for Editor in 0.00 ms.
Unloading 5393 Unused Serialized files (Serialized files now loaded: 0)
Unloading 28 unused Assets / (0.8 MB). Loaded Objects now: 6049.
Memory consumption went from 214.0 MB to 213.2 MB.
Total: 7.097100 ms (FindLiveObjects: 0.709200 ms CreateObjectMapping: 0.823100 ms MarkObjects: 5.058900 ms  DeleteObjects: 0.504300 ms)

AssetImportParameters requested are different than current active one (requested -> active):
  custom:video-decoder-ogg-theora: a1e56fd34408186e4bbccfd4996cb3dc -> 
  custom:container-muxer-webm: aa71ff27fc2769a1b78a27578f13a17b -> 
  custom:container-demuxer-webm: 4f35f7cbe854078d1ac9338744f61a02 -> 
  custom:video-encoder-webm-vp8: eb34c28f22e8b96e1ab97ce403110664 -> 
  custom:audio-encoder-webm-vorbis: bf7c407c2cedff20999df2af8eb42d56 -> 
  custom:framework-win-MediaFoundation: 216162199b28c13a410421893ffa2e32 -> 
  custom:container-demuxer-ogg: 62fdf1f143b41e24485cea50d1cbac27 -> 
  custom:video-decoder-webm-vp8: 9c59270c3fd7afecdb556c50c9e8de78 -> 
  custom:audio-decoder-ogg-vorbis: bf7c407c2cedff20999df2af8eb42d56 -> 
========================================================================
Received Import Request.
  Time since last request: 494.094357 seconds.
  path: Assets/ilians/scripts de musica
  artifactKey: Guid(b9b81eec567088a43a62aee935f5e070) Importer(815301076,1909f56bfc062723c751e8b465ee728b)
Start importing Assets/ilians/scripts de musica using Guid(b9b81eec567088a43a62aee935f5e070) Importer(815301076,1909f56bfc062723c751e8b465ee728b)  -> (artifact id: '34ae0bb005a738412f4429b0f66b1679') in 0.036393 seconds 
========================================================================
Received Import Request.
  Time since last request: 1.740984 seconds.
  path: Assets/ilians/scripts de musica/SonidoEntreEscenas.cs
  artifactKey: Guid(55785301238c11c40b7a4fd3336faebd) Importer(815301076,1909f56bfc062723c751e8b465ee728b)
Start importing Assets/ilians/scripts de musica/SonidoEntreEscenas.cs using Guid(55785301238c11c40b7a4fd3336faebd) Importer(815301076,1909f56bfc062723c751e8b465ee728b)  -> (artifact id: 'aacf3f9c8d78601f0bea1dc091471ec9') in 0.170463 seconds 
========================================================================
Received Import Request.
  Time since last request: 0.223560 seconds.
  path: Assets/ilians/scripts de musica/options.cs
  artifactKey: Guid(64ceecc62346e1845827888f69f2ee35) Importer(815301076,1909f56bfc062723c751e8b465ee728b)
Start importing Assets/ilians/scripts de musica/options.cs using Guid(64ceecc62346e1845827888f69f2ee35) Importer(815301076,1909f56bfc062723c751e8b465ee728b)  -> (artifact id: 'df6e6040793ca82cc1fded4263f736c8') in 0.021574 seconds 
========================================================================
Received Import Request.
  Time since last request: 0.542592 seconds.
  path: Assets/ilians/scripts de musica/AudioManager.cs
  artifactKey: Guid(80a8afac93ed3624c81b08b5534e4726) Importer(815301076,1909f56bfc062723c751e8b465ee728b)
Start importing Assets/ilians/scripts de musica/AudioManager.cs using Guid(80a8afac93ed3624c81b08b5534e4726) Importer(815301076,1909f56bfc062723c751e8b465ee728b)  -> (artifact id: '636283993d280f17090e8226cbdb252a') in 0.014214 seconds 
========================================================================
Received Prepare
Registering precompiled user dll's ...
Registered in 0.011058 seconds.
Begin MonoManager ReloadAssembly
Symbol file LoadedFromMemory doesn't match image C:\Users\Angel\Desktop\Unity Proyects\Sapo-Maurrice\Library\PackageCache\com.unity.visualscripting@1.8.0\Editor\VisualScripting.Core\Dependencies\YamlDotNet\Unity.VisualScripting.YamlDotNet.dll
Symbol file LoadedFromMemory doesn't match image C:\Users\Angel\Desktop\Unity Proyects\Sapo-Maurrice\Library\PackageCache\com.unity.visualscripting@1.8.0\Editor\VisualScripting.Core\Dependencies\DotNetZip\Unity.VisualScripting.IonicZip.dll
Native extension for WindowsStandalone target not found
Native extension for Android target not found
Refreshing native plugins compatible for Editor in 1.79 ms, found 4 plugins.
Preloading 0 native plugins for Editor in 0.00 ms.
Mono: successfully reloaded assembly
- Completed reload, in  2.509 seconds
Domain Reload Profiling:
	ReloadAssembly (2511ms)
		BeginReloadAssembly (288ms)
			ExecutionOrderSort (0ms)
			DisableScriptedObjects (17ms)
			BackupInstance (0ms)
			ReleaseScriptingObjects (0ms)
			CreateAndSetChildDomain (70ms)
		EndReloadAssembly (2034ms)
			LoadAssemblies (243ms)
			RebuildTransferFunctionScriptingTraits (0ms)
			SetupTypeCache (580ms)
			ReleaseScriptCaches (5ms)
			RebuildScriptCaches (144ms)
			SetupLoadedEditorAssemblies (916ms)
				LogAssemblyErrors (0ms)
				InitializePlatformSupportModulesInManaged (54ms)
				SetLoadedEditorAssemblies (1ms)
				RefreshPlugins (2ms)
				BeforeProcessingInitializeOnLoad (187ms)
				ProcessInitializeOnLoadAttributes (490ms)
				ProcessInitializeOnLoadMethodAttributes (165ms)
				AfterProcessingInitializeOnLoad (16ms)
				EditorAssembliesLoaded (0ms)
			ExecutionOrderSort2 (0ms)
			AwakeInstancesAfterBackupRestoration (15ms)
Platform modules already initialized, skipping
Refreshing native plugins compatible for Editor in 4.16 ms, found 4 plugins.
Preloading 0 native plugins for Editor in 0.00 ms.
Unloading 5393 Unused Serialized files (Serialized files now loaded: 0)
Unloading 28 unused Assets / (0.8 MB). Loaded Objects now: 6064.
Memory consumption went from 214.0 MB to 213.2 MB.
Total: 10.032500 ms (FindLiveObjects: 0.768200 ms CreateObjectMapping: 0.576600 ms MarkObjects: 7.735500 ms  DeleteObjects: 0.948900 ms)

AssetImportParameters requested are different than current active one (requested -> active):
  custom:video-decoder-ogg-theora: a1e56fd34408186e4bbccfd4996cb3dc -> 
  custom:container-muxer-webm: aa71ff27fc2769a1b78a27578f13a17b -> 
  custom:container-demuxer-webm: 4f35f7cbe854078d1ac9338744f61a02 -> 
  custom:video-encoder-webm-vp8: eb34c28f22e8b96e1ab97ce403110664 -> 
  custom:audio-encoder-webm-vorbis: bf7c407c2cedff20999df2af8eb42d56 -> 
  custom:framework-win-MediaFoundation: 216162199b28c13a410421893ffa2e32 -> 
  custom:container-demuxer-ogg: 62fdf1f143b41e24485cea50d1cbac27 -> 
  custom:video-decoder-webm-vp8: 9c59270c3fd7afecdb556c50c9e8de78 -> 
  custom:audio-decoder-ogg-vorbis: bf7c407c2cedff20999df2af8eb42d56 -> 
========================================================================
Received Import Request.
  Time since last request: 89.759815 seconds.
  path: Assets/Scenes/Pantalla_Inicio.unity
  artifactKey: Guid(8c9cfa26abfee488c85f1582747f6a02) Importer(815301076,1909f56bfc062723c751e8b465ee728b)
Start importing Assets/Scenes/Pantalla_Inicio.unity using Guid(8c9cfa26abfee488c85f1582747f6a02) Importer(815301076,1909f56bfc062723c751e8b465ee728b)  -> (artifact id: '8072252c50bc4e4cde593290af082b56') in 0.036470 seconds 
========================================================================
Received Import Request.
  Time since last request: 13.797030 seconds.
  path: Assets/ilians
  artifactKey: Guid(3b27dcdfa914155448561da868c5775a) Importer(815301076,1909f56bfc062723c751e8b465ee728b)
Start importing Assets/ilians using Guid(3b27dcdfa914155448561da868c5775a) Importer(815301076,1909f56bfc062723c751e8b465ee728b)  -> (artifact id: 'defe6f86b54f8a05f4461f82391989f1') in 0.022540 seconds 
========================================================================
Received Import Request.
  Time since last request: 11.527207 seconds.
  path: Assets/ilians/controlador de musica
  artifactKey: Guid(ce2595581ec00294f9863c048e2370d9) Importer(815301076,1909f56bfc062723c751e8b465ee728b)
Start importing Assets/ilians/controlador de musica using Guid(ce2595581ec00294f9863c048e2370d9) Importer(815301076,1909f56bfc062723c751e8b465ee728b)  -> (artifact id: '0edec8833401c6102477b64f5111baa9') in 0.019703 seconds 
========================================================================
Received Import Request.
  Time since last request: 0.033507 seconds.
  path: Assets/ilians/controlador de musica/general.mixer
  artifactKey: Guid(9b98cf5c4f9cd0b448ef2a5e6aab0b7e) Importer(815301076,1909f56bfc062723c751e8b465ee728b)
Start importing Assets/ilians/controlador de musica/general.mixer using Guid(9b98cf5c4f9cd0b448ef2a5e6aab0b7e) Importer(815301076,1909f56bfc062723c751e8b465ee728b)  -> (artifact id: '2ca054aca39dab3a2d8db193f17a818e') in 0.091051 seconds 
========================================================================
Received Import Request.
  Time since last request: 12.906457 seconds.
  path: Assets/Scenes/Universidad.unity
  artifactKey: Guid(7ee13e8ea0ea44b4cb25fea90fe70753) Importer(815301076,1909f56bfc062723c751e8b465ee728b)
Start importing Assets/Scenes/Universidad.unity using Guid(7ee13e8ea0ea44b4cb25fea90fe70753) Importer(815301076,1909f56bfc062723c751e8b465ee728b)  -> (artifact id: '4b0fac47a8cc2a3851f13ab8a1f370ce') in 0.020163 seconds 
========================================================================
Received Import Request.
  Time since last request: 8.441011 seconds.
  path: Assets/ilians/musica
  artifactKey: Guid(6830e7cdc9b4bb94a8022e1ac3102042) Importer(815301076,1909f56bfc062723c751e8b465ee728b)
Start importing Assets/ilians/musica using Guid(6830e7cdc9b4bb94a8022e1ac3102042) Importer(815301076,1909f56bfc062723c751e8b465ee728b)  -> (artifact id: 'a7cce8bb93ced97d3d7b9b711c5f1ac9') in 0.021424 seconds 
========================================================================
Received Prepare
Registering precompiled user dll's ...
Registered in 0.013333 seconds.
Begin MonoManager ReloadAssembly
Symbol file LoadedFromMemory doesn't match image C:\Users\Angel\Desktop\Unity Proyects\Sapo-Maurrice\Library\PackageCache\com.unity.visualscripting@1.8.0\Editor\VisualScripting.Core\Dependencies\YamlDotNet\Unity.VisualScripting.YamlDotNet.dll
Symbol file LoadedFromMemory doesn't match image C:\Users\Angel\Desktop\Unity Proyects\Sapo-Maurrice\Library\PackageCache\com.unity.visualscripting@1.8.0\Editor\VisualScripting.Core\Dependencies\DotNetZip\Unity.VisualScripting.IonicZip.dll
Native extension for WindowsStandalone target not found
Native extension for Android target not found
Refreshing native plugins compatible for Editor in 1.68 ms, found 4 plugins.
Preloading 0 native plugins for Editor in 0.00 ms.
Mono: successfully reloaded assembly
- Completed reload, in  2.655 seconds
Domain Reload Profiling:
	ReloadAssembly (2656ms)
		BeginReloadAssembly (298ms)
			ExecutionOrderSort (0ms)
			DisableScriptedObjects (13ms)
			BackupInstance (0ms)
			ReleaseScriptingObjects (0ms)
			CreateAndSetChildDomain (78ms)
		EndReloadAssembly (2156ms)
			LoadAssemblies (251ms)
			RebuildTransferFunctionScriptingTraits (0ms)
			SetupTypeCache (615ms)
			ReleaseScriptCaches (6ms)
			RebuildScriptCaches (133ms)
			SetupLoadedEditorAssemblies (999ms)
				LogAssemblyErrors (0ms)
				InitializePlatformSupportModulesInManaged (52ms)
				SetLoadedEditorAssemblies (1ms)
				RefreshPlugins (2ms)
				BeforeProcessingInitializeOnLoad (204ms)
				ProcessInitializeOnLoadAttributes (508ms)
				ProcessInitializeOnLoadMethodAttributes (207ms)
				AfterProcessingInitializeOnLoad (25ms)
				EditorAssembliesLoaded (0ms)
			ExecutionOrderSort2 (0ms)
			AwakeInstancesAfterBackupRestoration (17ms)
Platform modules already initialized, skipping
Refreshing native plugins compatible for Editor in 5.77 ms, found 4 plugins.
Preloading 0 native plugins for Editor in 0.00 ms.
Unloading 5393 Unused Serialized files (Serialized files now loaded: 0)
Unloading 28 unused Assets / (0.8 MB). Loaded Objects now: 6079.
Memory consumption went from 214.0 MB to 213.3 MB.
Total: 19.437300 ms (FindLiveObjects: 0.865400 ms CreateObjectMapping: 2.567900 ms MarkObjects: 13.159600 ms  DeleteObjects: 2.841900 ms)

AssetImportParameters requested are different than current active one (requested -> active):
  custom:video-decoder-ogg-theora: a1e56fd34408186e4bbccfd4996cb3dc -> 
  custom:container-muxer-webm: aa71ff27fc2769a1b78a27578f13a17b -> 
  custom:container-demuxer-webm: 4f35f7cbe854078d1ac9338744f61a02 -> 
  custom:video-encoder-webm-vp8: eb34c28f22e8b96e1ab97ce403110664 -> 
  custom:audio-encoder-webm-vorbis: bf7c407c2cedff20999df2af8eb42d56 -> 
  custom:framework-win-MediaFoundation: 216162199b28c13a410421893ffa2e32 -> 
  custom:container-demuxer-ogg: 62fdf1f143b41e24485cea50d1cbac27 -> 
  custom:video-decoder-webm-vp8: 9c59270c3fd7afecdb556c50c9e8de78 -> 
  custom:audio-decoder-ogg-vorbis: bf7c407c2cedff20999df2af8eb42d56 -> 
========================================================================
Received Import Request.
  Time since last request: 45.731873 seconds.
  path: Assets/ilians/musica/Hyadain_no_KakakataKataomoi_C_8-bit_remix.mp3
  artifactKey: Guid(b5d5971cef0ca524e9e8a01cc559b555) Importer(815301076,1909f56bfc062723c751e8b465ee728b)
Start importing Assets/ilians/musica/Hyadain_no_KakakataKataomoi_C_8-bit_remix.mp3 using Guid(b5d5971cef0ca524e9e8a01cc559b555) Importer(815301076,1909f56bfc062723c751e8b465ee728b)  -> (artifact id: 'b3945948808fc152e7e6270a59ee257c') in 0.398960 seconds 
========================================================================
Received Import Request.
  Time since last request: 0.000059 seconds.
  path: Assets/ilians/musica/y2mate.com - 8bit Click Sound Effect.mp3
  artifactKey: Guid(e9e0c7c919a0ffd48bccb6cd8f18b7eb) Importer(815301076,1909f56bfc062723c751e8b465ee728b)
Start importing Assets/ilians/musica/y2mate.com - 8bit Click Sound Effect.mp3 using Guid(e9e0c7c919a0ffd48bccb6cd8f18b7eb) Importer(815301076,1909f56bfc062723c751e8b465ee728b)  -> (artifact id: '6520c0581ba2047a70bfe22199d08a97') in 0.065841 seconds 
========================================================================
Received Import Request.
  Time since last request: 0.000060 seconds.
  path: Assets/ilians/musica/Pokemon_Scarlet_-_Title_Screen_2022.mp3
  artifactKey: Guid(85f650e4bdee3dd4dbd4041315c974fe) Importer(815301076,1909f56bfc062723c751e8b465ee728b)
Start importing Assets/ilians/musica/Pokemon_Scarlet_-_Title_Screen_2022.mp3 using Guid(85f650e4bdee3dd4dbd4041315c974fe) Importer(815301076,1909f56bfc062723c751e8b465ee728b)  -> (artifact id: '0715df8bfba125cff03f4e3d4721bab6') in 0.054413 seconds 
========================================================================
Received Prepare
Registering precompiled user dll's ...
Registered in 0.013452 seconds.
Begin MonoManager ReloadAssembly
Symbol file LoadedFromMemory doesn't match image C:\Users\Angel\Desktop\Unity Proyects\Sapo-Maurrice\Library\PackageCache\com.unity.visualscripting@1.8.0\Editor\VisualScripting.Core\Dependencies\YamlDotNet\Unity.VisualScripting.YamlDotNet.dll
Symbol file LoadedFromMemory doesn't match image C:\Users\Angel\Desktop\Unity Proyects\Sapo-Maurrice\Library\PackageCache\com.unity.visualscripting@1.8.0\Editor\VisualScripting.Core\Dependencies\DotNetZip\Unity.VisualScripting.IonicZip.dll
Native extension for WindowsStandalone target not found
Native extension for Android target not found
Refreshing native plugins compatible for Editor in 1.93 ms, found 4 plugins.
Preloading 0 native plugins for Editor in 0.00 ms.
Mono: successfully reloaded assembly
- Completed reload, in  2.533 seconds
Domain Reload Profiling:
	ReloadAssembly (2535ms)
		BeginReloadAssembly (262ms)
			ExecutionOrderSort (0ms)
			DisableScriptedObjects (11ms)
			BackupInstance (0ms)
			ReleaseScriptingObjects (0ms)
			CreateAndSetChildDomain (71ms)
		EndReloadAssembly (2086ms)
			LoadAssemblies (211ms)
			RebuildTransferFunctionScriptingTraits (0ms)
			SetupTypeCache (595ms)
			ReleaseScriptCaches (4ms)
			RebuildScriptCaches (122ms)
			SetupLoadedEditorAssemblies (973ms)
				LogAssemblyErrors (0ms)
				InitializePlatformSupportModulesInManaged (51ms)
				SetLoadedEditorAssemblies (1ms)
				RefreshPlugins (2ms)
				BeforeProcessingInitializeOnLoad (194ms)
				ProcessInitializeOnLoadAttributes (499ms)
				ProcessInitializeOnLoadMethodAttributes (204ms)
				AfterProcessingInitializeOnLoad (22ms)
				EditorAssembliesLoaded (0ms)
			ExecutionOrderSort2 (0ms)
			AwakeInstancesAfterBackupRestoration (19ms)
Platform modules already initialized, skipping
Refreshing native plugins compatible for Editor in 4.64 ms, found 4 plugins.
Preloading 0 native plugins for Editor in 0.00 ms.
Unloading 5393 Unused Serialized files (Serialized files now loaded: 0)
Unloading 28 unused Assets / (0.8 MB). Loaded Objects now: 6101.
Memory consumption went from 214.1 MB to 213.4 MB.
Total: 8.535300 ms (FindLiveObjects: 0.779100 ms CreateObjectMapping: 0.462100 ms MarkObjects: 6.469700 ms  DeleteObjects: 0.822100 ms)

AssetImportParameters requested are different than current active one (requested -> active):
  custom:video-decoder-ogg-theora: a1e56fd34408186e4bbccfd4996cb3dc -> 
  custom:container-muxer-webm: aa71ff27fc2769a1b78a27578f13a17b -> 
  custom:container-demuxer-webm: 4f35f7cbe854078d1ac9338744f61a02 -> 
  custom:video-encoder-webm-vp8: eb34c28f22e8b96e1ab97ce403110664 -> 
  custom:audio-encoder-webm-vorbis: bf7c407c2cedff20999df2af8eb42d56 -> 
  custom:framework-win-MediaFoundation: 216162199b28c13a410421893ffa2e32 -> 
  custom:container-demuxer-ogg: 62fdf1f143b41e24485cea50d1cbac27 -> 
  custom:video-decoder-webm-vp8: 9c59270c3fd7afecdb556c50c9e8de78 -> 
  custom:audio-decoder-ogg-vorbis: bf7c407c2cedff20999df2af8eb42d56 -> 
========================================================================
Received Import Request.
  Time since last request: 51.360817 seconds.
  path: Assets/Angel/PreFabs/Player.prefab
  artifactKey: Guid(e6e7d888418f4cd429f1c328dd328ae9) Importer(815301076,1909f56bfc062723c751e8b465ee728b)
Start importing Assets/Angel/PreFabs/Player.prefab using Guid(e6e7d888418f4cd429f1c328dd328ae9) Importer(815301076,1909f56bfc062723c751e8b465ee728b)  -> (artifact id: '43a2670384842a94f3efd1c2b3711a9a') in 0.793836 seconds 
========================================================================
Received Import Request.
  Time since last request: 4.978562 seconds.
  path: Assets/Angel/PreFabs/Player.prefab
  artifactKey: Guid(e6e7d888418f4cd429f1c328dd328ae9) Importer(815301076,1909f56bfc062723c751e8b465ee728b)
Start importing Assets/Angel/PreFabs/Player.prefab using Guid(e6e7d888418f4cd429f1c328dd328ae9) Importer(815301076,1909f56bfc062723c751e8b465ee728b)  -> (artifact id: 'b2fe0ded239c0a49c888c60921485de8') in 0.031997 seconds 
========================================================================
Received Prepare
Registering precompiled user dll's ...
Registered in 0.018059 seconds.
Begin MonoManager ReloadAssembly
Symbol file LoadedFromMemory doesn't match image C:\Users\Angel\Desktop\Unity Proyects\Sapo-Maurrice\Library\PackageCache\com.unity.visualscripting@1.8.0\Editor\VisualScripting.Core\Dependencies\YamlDotNet\Unity.VisualScripting.YamlDotNet.dll
Symbol file LoadedFromMemory doesn't match image C:\Users\Angel\Desktop\Unity Proyects\Sapo-Maurrice\Library\PackageCache\com.unity.visualscripting@1.8.0\Editor\VisualScripting.Core\Dependencies\DotNetZip\Unity.VisualScripting.IonicZip.dll
Native extension for WindowsStandalone target not found
Native extension for Android target not found
Refreshing native plugins compatible for Editor in 2.33 ms, found 4 plugins.
Preloading 0 native plugins for Editor in 0.00 ms.
Mono: successfully reloaded assembly
- Completed reload, in  2.561 seconds
Domain Reload Profiling:
	ReloadAssembly (2562ms)
		BeginReloadAssembly (269ms)
			ExecutionOrderSort (0ms)
			DisableScriptedObjects (17ms)
			BackupInstance (0ms)
			ReleaseScriptingObjects (0ms)
			CreateAndSetChildDomain (81ms)
		EndReloadAssembly (2075ms)
			LoadAssemblies (187ms)
			RebuildTransferFunctionScriptingTraits (0ms)
			SetupTypeCache (564ms)
			ReleaseScriptCaches (4ms)
			RebuildScriptCaches (135ms)
			SetupLoadedEditorAssemblies (939ms)
				LogAssemblyErrors (0ms)
				InitializePlatformSupportModulesInManaged (49ms)
				SetLoadedEditorAssemblies (1ms)
				RefreshPlugins (2ms)
				BeforeProcessingInitializeOnLoad (183ms)
				ProcessInitializeOnLoadAttributes (481ms)
				ProcessInitializeOnLoadMethodAttributes (200ms)
				AfterProcessingInitializeOnLoad (22ms)
				EditorAssembliesLoaded (0ms)
			ExecutionOrderSort2 (0ms)
			AwakeInstancesAfterBackupRestoration (26ms)
Platform modules already initialized, skipping
Refreshing native plugins compatible for Editor in 6.71 ms, found 4 plugins.
Preloading 0 native plugins for Editor in 0.00 ms.
Unloading 5400 Unused Serialized files (Serialized files now loaded: 0)
Unloading 28 unused Assets / (0.8 MB). Loaded Objects now: 6158.
Memory consumption went from 217.1 MB to 216.4 MB.
Total: 9.104200 ms (FindLiveObjects: 0.781200 ms CreateObjectMapping: 1.017200 ms MarkObjects: 6.340800 ms  DeleteObjects: 0.963500 ms)

AssetImportParameters requested are different than current active one (requested -> active):
  custom:video-decoder-ogg-theora: a1e56fd34408186e4bbccfd4996cb3dc -> 
  custom:container-muxer-webm: aa71ff27fc2769a1b78a27578f13a17b -> 
  custom:container-demuxer-webm: 4f35f7cbe854078d1ac9338744f61a02 -> 
  custom:video-encoder-webm-vp8: eb34c28f22e8b96e1ab97ce403110664 -> 
  custom:audio-encoder-webm-vorbis: bf7c407c2cedff20999df2af8eb42d56 -> 
  custom:framework-win-MediaFoundation: 216162199b28c13a410421893ffa2e32 -> 
  custom:container-demuxer-ogg: 62fdf1f143b41e24485cea50d1cbac27 -> 
  custom:video-decoder-webm-vp8: 9c59270c3fd7afecdb556c50c9e8de78 -> 
  custom:audio-decoder-ogg-vorbis: bf7c407c2cedff20999df2af8eb42d56 -> 
========================================================================
Received Prepare
Registering precompiled user dll's ...
Registered in 0.014493 seconds.
Begin MonoManager ReloadAssembly
Symbol file LoadedFromMemory doesn't match image C:\Users\Angel\Desktop\Unity Proyects\Sapo-Maurrice\Library\PackageCache\com.unity.visualscripting@1.8.0\Editor\VisualScripting.Core\Dependencies\YamlDotNet\Unity.VisualScripting.YamlDotNet.dll
Symbol file LoadedFromMemory doesn't match image C:\Users\Angel\Desktop\Unity Proyects\Sapo-Maurrice\Library\PackageCache\com.unity.visualscripting@1.8.0\Editor\VisualScripting.Core\Dependencies\DotNetZip\Unity.VisualScripting.IonicZip.dll
Native extension for WindowsStandalone target not found
Native extension for Android target not found
Refreshing native plugins compatible for Editor in 2.02 ms, found 4 plugins.
Preloading 0 native plugins for Editor in 0.00 ms.
Mono: successfully reloaded assembly
- Completed reload, in  2.715 seconds
Domain Reload Profiling:
	ReloadAssembly (2716ms)
		BeginReloadAssembly (272ms)
			ExecutionOrderSort (0ms)
			DisableScriptedObjects (13ms)
			BackupInstance (0ms)
			ReleaseScriptingObjects (0ms)
			CreateAndSetChildDomain (68ms)
		EndReloadAssembly (2266ms)
			LoadAssemblies (206ms)
			RebuildTransferFunctionScriptingTraits (0ms)
			SetupTypeCache (658ms)
			ReleaseScriptCaches (4ms)
			RebuildScriptCaches (135ms)
			SetupLoadedEditorAssemblies (1039ms)
				LogAssemblyErrors (0ms)
				InitializePlatformSupportModulesInManaged (58ms)
				SetLoadedEditorAssemblies (1ms)
				RefreshPlugins (2ms)
				BeforeProcessingInitializeOnLoad (251ms)
				ProcessInitializeOnLoadAttributes (502ms)
				ProcessInitializeOnLoadMethodAttributes (204ms)
				AfterProcessingInitializeOnLoad (20ms)
				EditorAssembliesLoaded (0ms)
			ExecutionOrderSort2 (0ms)
			AwakeInstancesAfterBackupRestoration (24ms)
Platform modules already initialized, skipping
Refreshing native plugins compatible for Editor in 7.38 ms, found 4 plugins.
Preloading 0 native plugins for Editor in 0.00 ms.
Unloading 5401 Unused Serialized files (Serialized files now loaded: 0)
Unloading 28 unused Assets / (0.8 MB). Loaded Objects now: 6173.
Memory consumption went from 217.2 MB to 216.4 MB.
Total: 9.268200 ms (FindLiveObjects: 0.950600 ms CreateObjectMapping: 0.647500 ms MarkObjects: 6.940100 ms  DeleteObjects: 0.727500 ms)

AssetImportParameters requested are different than current active one (requested -> active):
  custom:video-decoder-ogg-theora: a1e56fd34408186e4bbccfd4996cb3dc -> 
  custom:container-muxer-webm: aa71ff27fc2769a1b78a27578f13a17b -> 
  custom:container-demuxer-webm: 4f35f7cbe854078d1ac9338744f61a02 -> 
  custom:video-encoder-webm-vp8: eb34c28f22e8b96e1ab97ce403110664 -> 
  custom:audio-encoder-webm-vorbis: bf7c407c2cedff20999df2af8eb42d56 -> 
  custom:framework-win-MediaFoundation: 216162199b28c13a410421893ffa2e32 -> 
  custom:container-demuxer-ogg: 62fdf1f143b41e24485cea50d1cbac27 -> 
  custom:video-decoder-webm-vp8: 9c59270c3fd7afecdb556c50c9e8de78 -> 
  custom:audio-decoder-ogg-vorbis: bf7c407c2cedff20999df2af8eb42d56 -> 
========================================================================
Received Prepare
Registering precompiled user dll's ...
Registered in 0.014246 seconds.
Begin MonoManager ReloadAssembly
Symbol file LoadedFromMemory doesn't match image C:\Users\Angel\Desktop\Unity Proyects\Sapo-Maurrice\Library\PackageCache\com.unity.visualscripting@1.8.0\Editor\VisualScripting.Core\Dependencies\YamlDotNet\Unity.VisualScripting.YamlDotNet.dll
Symbol file LoadedFromMemory doesn't match image C:\Users\Angel\Desktop\Unity Proyects\Sapo-Maurrice\Library\PackageCache\com.unity.visualscripting@1.8.0\Editor\VisualScripting.Core\Dependencies\DotNetZip\Unity.VisualScripting.IonicZip.dll
Native extension for WindowsStandalone target not found
Native extension for Android target not found
Refreshing native plugins compatible for Editor in 2.19 ms, found 4 plugins.
Preloading 0 native plugins for Editor in 0.00 ms.
Mono: successfully reloaded assembly
- Completed reload, in  2.598 seconds
Domain Reload Profiling:
	ReloadAssembly (2599ms)
		BeginReloadAssembly (277ms)
			ExecutionOrderSort (0ms)
			DisableScriptedObjects (14ms)
			BackupInstance (0ms)
			ReleaseScriptingObjects (0ms)
			CreateAndSetChildDomain (86ms)
		EndReloadAssembly (2137ms)
			LoadAssemblies (212ms)
			RebuildTransferFunctionScriptingTraits (0ms)
			SetupTypeCache (588ms)
			ReleaseScriptCaches (3ms)
			RebuildScriptCaches (135ms)
			SetupLoadedEditorAssemblies (972ms)
				LogAssemblyErrors (0ms)
				InitializePlatformSupportModulesInManaged (47ms)
				SetLoadedEditorAssemblies (1ms)
				RefreshPlugins (2ms)
				BeforeProcessingInitializeOnLoad (206ms)
				ProcessInitializeOnLoadAttributes (494ms)
				ProcessInitializeOnLoadMethodAttributes (202ms)
				AfterProcessingInitializeOnLoad (20ms)
				EditorAssembliesLoaded (0ms)
			ExecutionOrderSort2 (0ms)
			AwakeInstancesAfterBackupRestoration (27ms)
Platform modules already initialized, skipping
Refreshing native plugins compatible for Editor in 7.21 ms, found 4 plugins.
Preloading 0 native plugins for Editor in 0.00 ms.
Unloading 5401 Unused Serialized files (Serialized files now loaded: 0)
Unloading 28 unused Assets / (0.8 MB). Loaded Objects now: 6188.
Memory consumption went from 217.2 MB to 216.5 MB.
Total: 9.816300 ms (FindLiveObjects: 1.424500 ms CreateObjectMapping: 0.890500 ms MarkObjects: 6.705200 ms  DeleteObjects: 0.793500 ms)

AssetImportParameters requested are different than current active one (requested -> active):
  custom:video-decoder-ogg-theora: a1e56fd34408186e4bbccfd4996cb3dc -> 
  custom:container-muxer-webm: aa71ff27fc2769a1b78a27578f13a17b -> 
  custom:container-demuxer-webm: 4f35f7cbe854078d1ac9338744f61a02 -> 
  custom:video-encoder-webm-vp8: eb34c28f22e8b96e1ab97ce403110664 -> 
  custom:audio-encoder-webm-vorbis: bf7c407c2cedff20999df2af8eb42d56 -> 
  custom:framework-win-MediaFoundation: 216162199b28c13a410421893ffa2e32 -> 
  custom:container-demuxer-ogg: 62fdf1f143b41e24485cea50d1cbac27 -> 
  custom:video-decoder-webm-vp8: 9c59270c3fd7afecdb556c50c9e8de78 -> 
  custom:audio-decoder-ogg-vorbis: bf7c407c2cedff20999df2af8eb42d56 -> 
========================================================================
Received Prepare
Registering precompiled user dll's ...
Registered in 0.014861 seconds.
Begin MonoManager ReloadAssembly
Symbol file LoadedFromMemory doesn't match image C:\Users\Angel\Desktop\Unity Proyects\Sapo-Maurrice\Library\PackageCache\com.unity.visualscripting@1.8.0\Editor\VisualScripting.Core\Dependencies\YamlDotNet\Unity.VisualScripting.YamlDotNet.dll
Symbol file LoadedFromMemory doesn't match image C:\Users\Angel\Desktop\Unity Proyects\Sapo-Maurrice\Library\PackageCache\com.unity.visualscripting@1.8.0\Editor\VisualScripting.Core\Dependencies\DotNetZip\Unity.VisualScripting.IonicZip.dll
Native extension for WindowsStandalone target not found
Native extension for Android target not found
Refreshing native plugins compatible for Editor in 1.65 ms, found 4 plugins.
Preloading 0 native plugins for Editor in 0.00 ms.
Mono: successfully reloaded assembly
- Completed reload, in  2.692 seconds
Domain Reload Profiling:
	ReloadAssembly (2694ms)
		BeginReloadAssembly (298ms)
			ExecutionOrderSort (0ms)
			DisableScriptedObjects (15ms)
			BackupInstance (0ms)
			ReleaseScriptingObjects (0ms)
			CreateAndSetChildDomain (65ms)
		EndReloadAssembly (2210ms)
			LoadAssemblies (232ms)
			RebuildTransferFunctionScriptingTraits (0ms)
			SetupTypeCache (633ms)
			ReleaseScriptCaches (9ms)
			RebuildScriptCaches (136ms)
			SetupLoadedEditorAssemblies (974ms)
				LogAssemblyErrors (0ms)
				InitializePlatformSupportModulesInManaged (53ms)
				SetLoadedEditorAssemblies (1ms)
				RefreshPlugins (2ms)
				BeforeProcessingInitializeOnLoad (191ms)
				ProcessInitializeOnLoadAttributes (507ms)
				ProcessInitializeOnLoadMethodAttributes (198ms)
				AfterProcessingInitializeOnLoad (22ms)
				EditorAssembliesLoaded (0ms)
			ExecutionOrderSort2 (0ms)
			AwakeInstancesAfterBackupRestoration (30ms)
Platform modules already initialized, skipping
Refreshing native plugins compatible for Editor in 6.14 ms, found 4 plugins.
Preloading 0 native plugins for Editor in 0.00 ms.
Unloading 5401 Unused Serialized files (Serialized files now loaded: 0)
Unloading 28 unused Assets / (0.8 MB). Loaded Objects now: 6203.
Memory consumption went from 217.2 MB to 216.5 MB.
Total: 9.180200 ms (FindLiveObjects: 0.702000 ms CreateObjectMapping: 0.475100 ms MarkObjects: 7.079800 ms  DeleteObjects: 0.920700 ms)

AssetImportParameters requested are different than current active one (requested -> active):
  custom:video-decoder-ogg-theora: a1e56fd34408186e4bbccfd4996cb3dc -> 
  custom:container-muxer-webm: aa71ff27fc2769a1b78a27578f13a17b -> 
  custom:container-demuxer-webm: 4f35f7cbe854078d1ac9338744f61a02 -> 
  custom:video-encoder-webm-vp8: eb34c28f22e8b96e1ab97ce403110664 -> 
  custom:audio-encoder-webm-vorbis: bf7c407c2cedff20999df2af8eb42d56 -> 
  custom:framework-win-MediaFoundation: 216162199b28c13a410421893ffa2e32 -> 
  custom:container-demuxer-ogg: 62fdf1f143b41e24485cea50d1cbac27 -> 
  custom:video-decoder-webm-vp8: 9c59270c3fd7afecdb556c50c9e8de78 -> 
  custom:audio-decoder-ogg-vorbis: bf7c407c2cedff20999df2af8eb42d56 -> 
========================================================================
Received Prepare
Registering precompiled user dll's ...
Registered in 0.017493 seconds.
Begin MonoManager ReloadAssembly
Symbol file LoadedFromMemory doesn't match image C:\Users\Angel\Desktop\Unity Proyects\Sapo-Maurrice\Library\PackageCache\com.unity.visualscripting@1.8.0\Editor\VisualScripting.Core\Dependencies\YamlDotNet\Unity.VisualScripting.YamlDotNet.dll
Symbol file LoadedFromMemory doesn't match image C:\Users\Angel\Desktop\Unity Proyects\Sapo-Maurrice\Library\PackageCache\com.unity.visualscripting@1.8.0\Editor\VisualScripting.Core\Dependencies\DotNetZip\Unity.VisualScripting.IonicZip.dll
Native extension for WindowsStandalone target not found
Native extension for Android target not found
Refreshing native plugins compatible for Editor in 1.56 ms, found 4 plugins.
Preloading 0 native plugins for Editor in 0.00 ms.
Mono: successfully reloaded assembly
- Completed reload, in  2.633 seconds
Domain Reload Profiling:
	ReloadAssembly (2634ms)
		BeginReloadAssembly (291ms)
			ExecutionOrderSort (0ms)
			DisableScriptedObjects (13ms)
			BackupInstance (0ms)
			ReleaseScriptingObjects (0ms)
			CreateAndSetChildDomain (75ms)
		EndReloadAssembly (2124ms)
			LoadAssemblies (243ms)
			RebuildTransferFunctionScriptingTraits (0ms)
			SetupTypeCache (595ms)
			ReleaseScriptCaches (4ms)
			RebuildScriptCaches (120ms)
			SetupLoadedEditorAssemblies (949ms)
				LogAssemblyErrors (0ms)
				InitializePlatformSupportModulesInManaged (48ms)
				SetLoadedEditorAssemblies (1ms)
				RefreshPlugins (2ms)
				BeforeProcessingInitializeOnLoad (200ms)
				ProcessInitializeOnLoadAttributes (485ms)
				ProcessInitializeOnLoadMethodAttributes (189ms)
				AfterProcessingInitializeOnLoad (24ms)
				EditorAssembliesLoaded (1ms)
			ExecutionOrderSort2 (0ms)
			AwakeInstancesAfterBackupRestoration (29ms)
Platform modules already initialized, skipping
Refreshing native plugins compatible for Editor in 5.33 ms, found 4 plugins.
Preloading 0 native plugins for Editor in 0.00 ms.
Unloading 5401 Unused Serialized files (Serialized files now loaded: 0)
Unloading 28 unused Assets / (0.8 MB). Loaded Objects now: 6218.
Memory consumption went from 217.3 MB to 216.5 MB.
Total: 8.712500 ms (FindLiveObjects: 0.846700 ms CreateObjectMapping: 0.731000 ms MarkObjects: 6.499100 ms  DeleteObjects: 0.632900 ms)

AssetImportParameters requested are different than current active one (requested -> active):
  custom:video-decoder-ogg-theora: a1e56fd34408186e4bbccfd4996cb3dc -> 
  custom:container-muxer-webm: aa71ff27fc2769a1b78a27578f13a17b -> 
  custom:container-demuxer-webm: 4f35f7cbe854078d1ac9338744f61a02 -> 
  custom:video-encoder-webm-vp8: eb34c28f22e8b96e1ab97ce403110664 -> 
  custom:audio-encoder-webm-vorbis: bf7c407c2cedff20999df2af8eb42d56 -> 
  custom:framework-win-MediaFoundation: 216162199b28c13a410421893ffa2e32 -> 
  custom:container-demuxer-ogg: 62fdf1f143b41e24485cea50d1cbac27 -> 
  custom:video-decoder-webm-vp8: 9c59270c3fd7afecdb556c50c9e8de78 -> 
  custom:audio-decoder-ogg-vorbis: bf7c407c2cedff20999df2af8eb42d56 -> 
========================================================================
Received Prepare
Registering precompiled user dll's ...
Registered in 0.015732 seconds.
Begin MonoManager ReloadAssembly
Symbol file LoadedFromMemory doesn't match image C:\Users\Angel\Desktop\Unity Proyects\Sapo-Maurrice\Library\PackageCache\com.unity.visualscripting@1.8.0\Editor\VisualScripting.Core\Dependencies\YamlDotNet\Unity.VisualScripting.YamlDotNet.dll
Symbol file LoadedFromMemory doesn't match image C:\Users\Angel\Desktop\Unity Proyects\Sapo-Maurrice\Library\PackageCache\com.unity.visualscripting@1.8.0\Editor\VisualScripting.Core\Dependencies\DotNetZip\Unity.VisualScripting.IonicZip.dll
Native extension for WindowsStandalone target not found
Native extension for Android target not found
Refreshing native plugins compatible for Editor in 3.86 ms, found 4 plugins.
Preloading 0 native plugins for Editor in 0.00 ms.
Mono: successfully reloaded assembly
- Completed reload, in  3.173 seconds
Domain Reload Profiling:
	ReloadAssembly (3174ms)
		BeginReloadAssembly (284ms)
			ExecutionOrderSort (0ms)
			DisableScriptedObjects (19ms)
			BackupInstance (0ms)
			ReleaseScriptingObjects (0ms)
			CreateAndSetChildDomain (69ms)
		EndReloadAssembly (2693ms)
			LoadAssemblies (364ms)
			RebuildTransferFunctionScriptingTraits (0ms)
			SetupTypeCache (581ms)
			ReleaseScriptCaches (4ms)
			RebuildScriptCaches (131ms)
			SetupLoadedEditorAssemblies (1288ms)
				LogAssemblyErrors (0ms)
				InitializePlatformSupportModulesInManaged (83ms)
				SetLoadedEditorAssemblies (1ms)
				RefreshPlugins (4ms)
				BeforeProcessingInitializeOnLoad (227ms)
				ProcessInitializeOnLoadAttributes (578ms)
				ProcessInitializeOnLoadMethodAttributes (368ms)
				AfterProcessingInitializeOnLoad (27ms)
				EditorAssembliesLoaded (1ms)
			ExecutionOrderSort2 (0ms)
			AwakeInstancesAfterBackupRestoration (43ms)
Platform modules already initialized, skipping
Refreshing native plugins compatible for Editor in 6.42 ms, found 4 plugins.
Preloading 0 native plugins for Editor in 0.00 ms.
Unloading 5401 Unused Serialized files (Serialized files now loaded: 0)
Unloading 28 unused Assets / (0.8 MB). Loaded Objects now: 6233.
Memory consumption went from 217.3 MB to 216.5 MB.
Total: 7.422000 ms (FindLiveObjects: 0.577400 ms CreateObjectMapping: 0.272100 ms MarkObjects: 5.899200 ms  DeleteObjects: 0.671400 ms)

AssetImportParameters requested are different than current active one (requested -> active):
  custom:video-decoder-ogg-theora: a1e56fd34408186e4bbccfd4996cb3dc -> 
  custom:container-muxer-webm: aa71ff27fc2769a1b78a27578f13a17b -> 
  custom:container-demuxer-webm: 4f35f7cbe854078d1ac9338744f61a02 -> 
  custom:video-encoder-webm-vp8: eb34c28f22e8b96e1ab97ce403110664 -> 
  custom:audio-encoder-webm-vorbis: bf7c407c2cedff20999df2af8eb42d56 -> 
  custom:framework-win-MediaFoundation: 216162199b28c13a410421893ffa2e32 -> 
  custom:container-demuxer-ogg: 62fdf1f143b41e24485cea50d1cbac27 -> 
  custom:video-decoder-webm-vp8: 9c59270c3fd7afecdb556c50c9e8de78 -> 
  custom:audio-decoder-ogg-vorbis: bf7c407c2cedff20999df2af8eb42d56 -> 
========================================================================
Received Import Request.
  Time since last request: 641.994568 seconds.
  path: Assets/Angel/PreFabs/UI/Estudio.prefab
  artifactKey: Guid(000b899fcd1f7a84b823cebecab529ee) Importer(815301076,1909f56bfc062723c751e8b465ee728b)
Start importing Assets/Angel/PreFabs/UI/Estudio.prefab using Guid(000b899fcd1f7a84b823cebecab529ee) Importer(815301076,1909f56bfc062723c751e8b465ee728b)  -> (artifact id: '56857f707e842cbd9ade322f31af3b0c') in 0.250728 seconds 
========================================================================
Received Import Request.
  Time since last request: 58.724348 seconds.
  path: Assets/Scenes/Pieza.unity
  artifactKey: Guid(ddb35a7f56cd0274380b2911080a998f) Importer(815301076,1909f56bfc062723c751e8b465ee728b)
Start importing Assets/Scenes/Pieza.unity using Guid(ddb35a7f56cd0274380b2911080a998f) Importer(815301076,1909f56bfc062723c751e8b465ee728b)  -> (artifact id: 'b0e74a90716551d51c961f25a7508689') in 0.016981 seconds 
========================================================================
Received Import Request.
  Time since last request: 25.204413 seconds.
  path: Assets/Scenes/Universidad.unity
  artifactKey: Guid(7ee13e8ea0ea44b4cb25fea90fe70753) Importer(815301076,1909f56bfc062723c751e8b465ee728b)
Start importing Assets/Scenes/Universidad.unity using Guid(7ee13e8ea0ea44b4cb25fea90fe70753) Importer(815301076,1909f56bfc062723c751e8b465ee728b)  -> (artifact id: '4e9fb6a5f454db160995a7d25d3c47f9') in 0.007631 seconds 
========================================================================
Received Prepare
Registering precompiled user dll's ...
Registered in 0.031779 seconds.
Begin MonoManager ReloadAssembly
Symbol file LoadedFromMemory doesn't match image C:\Users\Angel\Desktop\Unity Proyects\Sapo-Maurrice\Library\PackageCache\com.unity.visualscripting@1.8.0\Editor\VisualScripting.Core\Dependencies\YamlDotNet\Unity.VisualScripting.YamlDotNet.dll
Symbol file LoadedFromMemory doesn't match image C:\Users\Angel\Desktop\Unity Proyects\Sapo-Maurrice\Library\PackageCache\com.unity.visualscripting@1.8.0\Editor\VisualScripting.Core\Dependencies\DotNetZip\Unity.VisualScripting.IonicZip.dll
Native extension for WindowsStandalone target not found
Native extension for Android target not found
Refreshing native plugins compatible for Editor in 1.72 ms, found 4 plugins.
Preloading 0 native plugins for Editor in 0.00 ms.
Mono: successfully reloaded assembly
- Completed reload, in  4.052 seconds
Domain Reload Profiling:
	ReloadAssembly (4054ms)
		BeginReloadAssembly (734ms)
			ExecutionOrderSort (0ms)
			DisableScriptedObjects (68ms)
			BackupInstance (0ms)
			ReleaseScriptingObjects (0ms)
			CreateAndSetChildDomain (271ms)
		EndReloadAssembly (2998ms)
			LoadAssemblies (330ms)
			RebuildTransferFunctionScriptingTraits (0ms)
			SetupTypeCache (1011ms)
			ReleaseScriptCaches (4ms)
			RebuildScriptCaches (192ms)
			SetupLoadedEditorAssemblies (1246ms)
				LogAssemblyErrors (0ms)
				InitializePlatformSupportModulesInManaged (121ms)
				SetLoadedEditorAssemblies (1ms)
				RefreshPlugins (2ms)
				BeforeProcessingInitializeOnLoad (261ms)
				ProcessInitializeOnLoadAttributes (608ms)
				ProcessInitializeOnLoadMethodAttributes (234ms)
				AfterProcessingInitializeOnLoad (19ms)
				EditorAssembliesLoaded (0ms)
			ExecutionOrderSort2 (0ms)
			AwakeInstancesAfterBackupRestoration (22ms)
Platform modules already initialized, skipping
Refreshing native plugins compatible for Editor in 5.38 ms, found 4 plugins.
Preloading 0 native plugins for Editor in 0.00 ms.
Unloading 5401 Unused Serialized files (Serialized files now loaded: 0)
Unloading 29 unused Assets / (0.8 MB). Loaded Objects now: 6248.
Memory consumption went from 217.3 MB to 216.5 MB.
Total: 6.471900 ms (FindLiveObjects: 0.584000 ms CreateObjectMapping: 0.260800 ms MarkObjects: 5.117600 ms  DeleteObjects: 0.507800 ms)

AssetImportParameters requested are different than current active one (requested -> active):
  custom:video-decoder-ogg-theora: a1e56fd34408186e4bbccfd4996cb3dc -> 
  custom:container-muxer-webm: aa71ff27fc2769a1b78a27578f13a17b -> 
  custom:container-demuxer-webm: 4f35f7cbe854078d1ac9338744f61a02 -> 
  custom:video-encoder-webm-vp8: eb34c28f22e8b96e1ab97ce403110664 -> 
  custom:audio-encoder-webm-vorbis: bf7c407c2cedff20999df2af8eb42d56 -> 
  custom:framework-win-MediaFoundation: 216162199b28c13a410421893ffa2e32 -> 
  custom:container-demuxer-ogg: 62fdf1f143b41e24485cea50d1cbac27 -> 
  custom:video-decoder-webm-vp8: 9c59270c3fd7afecdb556c50c9e8de78 -> 
  custom:audio-decoder-ogg-vorbis: bf7c407c2cedff20999df2af8eb42d56 -> 
========================================================================
Received Prepare
Registering precompiled user dll's ...
Registered in 0.047450 seconds.
Begin MonoManager ReloadAssembly
Symbol file LoadedFromMemory doesn't match image C:\Users\Angel\Desktop\Unity Proyects\Sapo-Maurrice\Library\PackageCache\com.unity.visualscripting@1.8.0\Editor\VisualScripting.Core\Dependencies\YamlDotNet\Unity.VisualScripting.YamlDotNet.dll
Symbol file LoadedFromMemory doesn't match image C:\Users\Angel\Desktop\Unity Proyects\Sapo-Maurrice\Library\PackageCache\com.unity.visualscripting@1.8.0\Editor\VisualScripting.Core\Dependencies\DotNetZip\Unity.VisualScripting.IonicZip.dll
Native extension for WindowsStandalone target not found
Native extension for Android target not found
Refreshing native plugins compatible for Editor in 2.22 ms, found 4 plugins.
Preloading 0 native plugins for Editor in 0.00 ms.
Mono: successfully reloaded assembly
- Completed reload, in  3.039 seconds
Domain Reload Profiling:
	ReloadAssembly (3040ms)
		BeginReloadAssembly (347ms)
			ExecutionOrderSort (0ms)
			DisableScriptedObjects (19ms)
			BackupInstance (0ms)
			ReleaseScriptingObjects (0ms)
			CreateAndSetChildDomain (114ms)
		EndReloadAssembly (2395ms)
			LoadAssemblies (259ms)
			RebuildTransferFunctionScriptingTraits (0ms)
			SetupTypeCache (701ms)
			ReleaseScriptCaches (4ms)
			RebuildScriptCaches (121ms)
			SetupLoadedEditorAssemblies (1090ms)
				LogAssemblyErrors (0ms)
				InitializePlatformSupportModulesInManaged (92ms)
				SetLoadedEditorAssemblies (2ms)
				RefreshPlugins (2ms)
				BeforeProcessingInitializeOnLoad (178ms)
				ProcessInitializeOnLoadAttributes (567ms)
				ProcessInitializeOnLoadMethodAttributes (179ms)
				AfterProcessingInitializeOnLoad (70ms)
				EditorAssembliesLoaded (0ms)
			ExecutionOrderSort2 (0ms)
			AwakeInstancesAfterBackupRestoration (22ms)
Platform modules already initialized, skipping
Refreshing native plugins compatible for Editor in 27.96 ms, found 4 plugins.
Preloading 0 native plugins for Editor in 0.00 ms.
Unloading 5401 Unused Serialized files (Serialized files now loaded: 0)
Unloading 28 unused Assets / (0.8 MB). Loaded Objects now: 6263.
Memory consumption went from 217.5 MB to 216.7 MB.
Total: 7.385800 ms (FindLiveObjects: 0.738800 ms CreateObjectMapping: 0.478900 ms MarkObjects: 5.575400 ms  DeleteObjects: 0.590700 ms)

AssetImportParameters requested are different than current active one (requested -> active):
  custom:video-decoder-ogg-theora: a1e56fd34408186e4bbccfd4996cb3dc -> 
  custom:container-muxer-webm: aa71ff27fc2769a1b78a27578f13a17b -> 
  custom:container-demuxer-webm: 4f35f7cbe854078d1ac9338744f61a02 -> 
  custom:video-encoder-webm-vp8: eb34c28f22e8b96e1ab97ce403110664 -> 
  custom:audio-encoder-webm-vorbis: bf7c407c2cedff20999df2af8eb42d56 -> 
  custom:framework-win-MediaFoundation: 216162199b28c13a410421893ffa2e32 -> 
  custom:container-demuxer-ogg: 62fdf1f143b41e24485cea50d1cbac27 -> 
  custom:video-decoder-webm-vp8: 9c59270c3fd7afecdb556c50c9e8de78 -> 
  custom:audio-decoder-ogg-vorbis: bf7c407c2cedff20999df2af8eb42d56 -> 
========================================================================
Received Prepare
Registering precompiled user dll's ...
Registered in 0.016806 seconds.
Begin MonoManager ReloadAssembly
Symbol file LoadedFromMemory doesn't match image C:\Users\Angel\Desktop\Unity Proyects\Sapo-Maurrice\Library\PackageCache\com.unity.visualscripting@1.8.0\Editor\VisualScripting.Core\Dependencies\YamlDotNet\Unity.VisualScripting.YamlDotNet.dll
Symbol file LoadedFromMemory doesn't match image C:\Users\Angel\Desktop\Unity Proyects\Sapo-Maurrice\Library\PackageCache\com.unity.visualscripting@1.8.0\Editor\VisualScripting.Core\Dependencies\DotNetZip\Unity.VisualScripting.IonicZip.dll
Native extension for WindowsStandalone target not found
Native extension for Android target not found
Refreshing native plugins compatible for Editor in 1.45 ms, found 4 plugins.
Preloading 0 native plugins for Editor in 0.00 ms.
Mono: successfully reloaded assembly
- Completed reload, in  2.723 seconds
Domain Reload Profiling:
	ReloadAssembly (2725ms)
		BeginReloadAssembly (288ms)
			ExecutionOrderSort (0ms)
			DisableScriptedObjects (15ms)
			BackupInstance (0ms)
			ReleaseScriptingObjects (0ms)
			CreateAndSetChildDomain (75ms)
		EndReloadAssembly (2256ms)
			LoadAssemblies (212ms)
			RebuildTransferFunctionScriptingTraits (0ms)
			SetupTypeCache (735ms)
			ReleaseScriptCaches (5ms)
			RebuildScriptCaches (132ms)
			SetupLoadedEditorAssemblies (942ms)
				LogAssemblyErrors (0ms)
				InitializePlatformSupportModulesInManaged (50ms)
				SetLoadedEditorAssemblies (1ms)
				RefreshPlugins (2ms)
				BeforeProcessingInitializeOnLoad (186ms)
				ProcessInitializeOnLoadAttributes (489ms)
				ProcessInitializeOnLoadMethodAttributes (191ms)
				AfterProcessingInitializeOnLoad (23ms)
				EditorAssembliesLoaded (0ms)
			ExecutionOrderSort2 (0ms)
			AwakeInstancesAfterBackupRestoration (32ms)
Platform modules already initialized, skipping
Refreshing native plugins compatible for Editor in 6.10 ms, found 4 plugins.
Preloading 0 native plugins for Editor in 0.00 ms.
Unloading 5401 Unused Serialized files (Serialized files now loaded: 0)
Unloading 28 unused Assets / (0.8 MB). Loaded Objects now: 6278.
Memory consumption went from 217.5 MB to 216.8 MB.
Total: 8.046900 ms (FindLiveObjects: 0.837500 ms CreateObjectMapping: 0.564600 ms MarkObjects: 6.083600 ms  DeleteObjects: 0.559700 ms)

AssetImportParameters requested are different than current active one (requested -> active):
  custom:video-decoder-ogg-theora: a1e56fd34408186e4bbccfd4996cb3dc -> 
  custom:container-muxer-webm: aa71ff27fc2769a1b78a27578f13a17b -> 
  custom:container-demuxer-webm: 4f35f7cbe854078d1ac9338744f61a02 -> 
  custom:video-encoder-webm-vp8: eb34c28f22e8b96e1ab97ce403110664 -> 
  custom:audio-encoder-webm-vorbis: bf7c407c2cedff20999df2af8eb42d56 -> 
  custom:framework-win-MediaFoundation: 216162199b28c13a410421893ffa2e32 -> 
  custom:container-demuxer-ogg: 62fdf1f143b41e24485cea50d1cbac27 -> 
  custom:video-decoder-webm-vp8: 9c59270c3fd7afecdb556c50c9e8de78 -> 
  custom:audio-decoder-ogg-vorbis: bf7c407c2cedff20999df2af8eb42d56 -> 
========================================================================
Received Import Request.
  Time since last request: 7244.128743 seconds.
  path: Assets/Scenes/Universidad.unity
  artifactKey: Guid(7ee13e8ea0ea44b4cb25fea90fe70753) Importer(815301076,1909f56bfc062723c751e8b465ee728b)
Start importing Assets/Scenes/Universidad.unity using Guid(7ee13e8ea0ea44b4cb25fea90fe70753) Importer(815301076,1909f56bfc062723c751e8b465ee728b)  -> (artifact id: '71e8cc444daf1f94f2de239939edcf24') in 0.029386 seconds 
========================================================================
Received Import Request.
  Time since last request: 178.716150 seconds.
  path: Assets/Scenes/Universidad.unity
  artifactKey: Guid(7ee13e8ea0ea44b4cb25fea90fe70753) Importer(815301076,1909f56bfc062723c751e8b465ee728b)
Start importing Assets/Scenes/Universidad.unity using Guid(7ee13e8ea0ea44b4cb25fea90fe70753) Importer(815301076,1909f56bfc062723c751e8b465ee728b)  -> (artifact id: '09b93e14d0c94fbe1a11e30aa797ab07') in 0.006989 seconds 
========================================================================
Received Import Request.
  Time since last request: 16.252633 seconds.
  path: Assets/Scenes/Pieza.unity
  artifactKey: Guid(ddb35a7f56cd0274380b2911080a998f) Importer(815301076,1909f56bfc062723c751e8b465ee728b)
Start importing Assets/Scenes/Pieza.unity using Guid(ddb35a7f56cd0274380b2911080a998f) Importer(815301076,1909f56bfc062723c751e8b465ee728b)  -> (artifact id: 'b8971f6b6b230008097c0027db972e89') in 0.030600 seconds 
========================================================================
Received Prepare
Registering precompiled user dll's ...
Registered in 0.017406 seconds.
Begin MonoManager ReloadAssembly
Symbol file LoadedFromMemory doesn't match image C:\Users\Angel\Desktop\Unity Proyects\Sapo-Maurrice\Library\PackageCache\com.unity.visualscripting@1.8.0\Editor\VisualScripting.Core\Dependencies\YamlDotNet\Unity.VisualScripting.YamlDotNet.dll
Symbol file LoadedFromMemory doesn't match image C:\Users\Angel\Desktop\Unity Proyects\Sapo-Maurrice\Library\PackageCache\com.unity.visualscripting@1.8.0\Editor\VisualScripting.Core\Dependencies\DotNetZip\Unity.VisualScripting.IonicZip.dll
Native extension for WindowsStandalone target not found
Native extension for Android target not found
Refreshing native plugins compatible for Editor in 2.88 ms, found 4 plugins.
Preloading 0 native plugins for Editor in 0.00 ms.
Mono: successfully reloaded assembly
- Completed reload, in  2.674 seconds
Domain Reload Profiling:
	ReloadAssembly (2675ms)
		BeginReloadAssembly (304ms)
			ExecutionOrderSort (0ms)
			DisableScriptedObjects (13ms)
			BackupInstance (0ms)
			ReleaseScriptingObjects (0ms)
			CreateAndSetChildDomain (75ms)
		EndReloadAssembly (2129ms)
			LoadAssemblies (205ms)
			RebuildTransferFunctionScriptingTraits (0ms)
			SetupTypeCache (593ms)
			ReleaseScriptCaches (6ms)
			RebuildScriptCaches (129ms)
			SetupLoadedEditorAssemblies (978ms)
				LogAssemblyErrors (0ms)
				InitializePlatformSupportModulesInManaged (66ms)
				SetLoadedEditorAssemblies (1ms)
				RefreshPlugins (3ms)
				BeforeProcessingInitializeOnLoad (190ms)
				ProcessInitializeOnLoadAttributes (497ms)
				ProcessInitializeOnLoadMethodAttributes (199ms)
				AfterProcessingInitializeOnLoad (22ms)
				EditorAssembliesLoaded (0ms)
			ExecutionOrderSort2 (0ms)
			AwakeInstancesAfterBackupRestoration (26ms)
Platform modules already initialized, skipping
Refreshing native plugins compatible for Editor in 22.75 ms, found 4 plugins.
Preloading 0 native plugins for Editor in 0.00 ms.
Unloading 5401 Unused Serialized files (Serialized files now loaded: 0)
Unloading 28 unused Assets / (0.8 MB). Loaded Objects now: 6293.
Memory consumption went from 217.5 MB to 216.8 MB.
Total: 7.117700 ms (FindLiveObjects: 0.680300 ms CreateObjectMapping: 0.282300 ms MarkObjects: 5.552500 ms  DeleteObjects: 0.600800 ms)

AssetImportParameters requested are different than current active one (requested -> active):
  custom:video-decoder-ogg-theora: a1e56fd34408186e4bbccfd4996cb3dc -> 
  custom:container-muxer-webm: aa71ff27fc2769a1b78a27578f13a17b -> 
  custom:container-demuxer-webm: 4f35f7cbe854078d1ac9338744f61a02 -> 
  custom:video-encoder-webm-vp8: eb34c28f22e8b96e1ab97ce403110664 -> 
  custom:audio-encoder-webm-vorbis: bf7c407c2cedff20999df2af8eb42d56 -> 
  custom:framework-win-MediaFoundation: 216162199b28c13a410421893ffa2e32 -> 
  custom:container-demuxer-ogg: 62fdf1f143b41e24485cea50d1cbac27 -> 
  custom:video-decoder-webm-vp8: 9c59270c3fd7afecdb556c50c9e8de78 -> 
  custom:audio-decoder-ogg-vorbis: bf7c407c2cedff20999df2af8eb42d56 -> 
========================================================================
Received Import Request.
  Time since last request: 447.367056 seconds.
  path: Assets/Angel/PreFabs/UI/Estudio.prefab
  artifactKey: Guid(000b899fcd1f7a84b823cebecab529ee) Importer(815301076,1909f56bfc062723c751e8b465ee728b)
Start importing Assets/Angel/PreFabs/UI/Estudio.prefab using Guid(000b899fcd1f7a84b823cebecab529ee) Importer(815301076,1909f56bfc062723c751e8b465ee728b)  -> (artifact id: '52c5865020450a80f06eac96a8f0a915') in 0.084164 seconds 
========================================================================
Received Import Request.
  Time since last request: 45.138735 seconds.
  path: Assets/Scenes/Pieza.unity
  artifactKey: Guid(ddb35a7f56cd0274380b2911080a998f) Importer(815301076,1909f56bfc062723c751e8b465ee728b)
Start importing Assets/Scenes/Pieza.unity using Guid(ddb35a7f56cd0274380b2911080a998f) Importer(815301076,1909f56bfc062723c751e8b465ee728b)  -> (artifact id: '6b814bcfa0889e53952f262723f97371') in 0.022139 seconds 
========================================================================
Received Prepare
Registering precompiled user dll's ...
Registered in 0.016086 seconds.
Begin MonoManager ReloadAssembly
Symbol file LoadedFromMemory doesn't match image C:\Users\Angel\Desktop\Unity Proyects\Sapo-Maurrice\Library\PackageCache\com.unity.visualscripting@1.8.0\Editor\VisualScripting.Core\Dependencies\YamlDotNet\Unity.VisualScripting.YamlDotNet.dll
Symbol file LoadedFromMemory doesn't match image C:\Users\Angel\Desktop\Unity Proyects\Sapo-Maurrice\Library\PackageCache\com.unity.visualscripting@1.8.0\Editor\VisualScripting.Core\Dependencies\DotNetZip\Unity.VisualScripting.IonicZip.dll
Native extension for WindowsStandalone target not found
Native extension for Android target not found
Refreshing native plugins compatible for Editor in 3.10 ms, found 4 plugins.
Preloading 0 native plugins for Editor in 0.00 ms.
Mono: successfully reloaded assembly
- Completed reload, in  2.622 seconds
Domain Reload Profiling:
	ReloadAssembly (2623ms)
		BeginReloadAssembly (284ms)
			ExecutionOrderSort (0ms)
			DisableScriptedObjects (12ms)
			BackupInstance (0ms)
			ReleaseScriptingObjects (0ms)
			CreateAndSetChildDomain (62ms)
		EndReloadAssembly (2089ms)
			LoadAssemblies (230ms)
			RebuildTransferFunctionScriptingTraits (0ms)
			SetupTypeCache (620ms)
			ReleaseScriptCaches (4ms)
			RebuildScriptCaches (125ms)
			SetupLoadedEditorAssemblies (916ms)
				LogAssemblyErrors (0ms)
				InitializePlatformSupportModulesInManaged (53ms)
				SetLoadedEditorAssemblies (1ms)
				RefreshPlugins (3ms)
				BeforeProcessingInitializeOnLoad (205ms)
				ProcessInitializeOnLoadAttributes (452ms)
				ProcessInitializeOnLoadMethodAttributes (181ms)
				AfterProcessingInitializeOnLoad (20ms)
				EditorAssembliesLoaded (0ms)
			ExecutionOrderSort2 (0ms)
			AwakeInstancesAfterBackupRestoration (26ms)
Platform modules already initialized, skipping
Refreshing native plugins compatible for Editor in 6.33 ms, found 4 plugins.
Preloading 0 native plugins for Editor in 0.00 ms.
Unloading 5401 Unused Serialized files (Serialized files now loaded: 0)
Unloading 29 unused Assets / (0.8 MB). Loaded Objects now: 6308.
Memory consumption went from 217.6 MB to 216.8 MB.
Total: 6.703200 ms (FindLiveObjects: 0.796000 ms CreateObjectMapping: 0.498600 ms MarkObjects: 4.804300 ms  DeleteObjects: 0.602500 ms)

AssetImportParameters requested are different than current active one (requested -> active):
  custom:video-decoder-ogg-theora: a1e56fd34408186e4bbccfd4996cb3dc -> 
  custom:container-muxer-webm: aa71ff27fc2769a1b78a27578f13a17b -> 
  custom:container-demuxer-webm: 4f35f7cbe854078d1ac9338744f61a02 -> 
  custom:video-encoder-webm-vp8: eb34c28f22e8b96e1ab97ce403110664 -> 
  custom:audio-encoder-webm-vorbis: bf7c407c2cedff20999df2af8eb42d56 -> 
  custom:framework-win-MediaFoundation: 216162199b28c13a410421893ffa2e32 -> 
  custom:container-demuxer-ogg: 62fdf1f143b41e24485cea50d1cbac27 -> 
  custom:video-decoder-webm-vp8: 9c59270c3fd7afecdb556c50c9e8de78 -> 
  custom:audio-decoder-ogg-vorbis: bf7c407c2cedff20999df2af8eb42d56 -> 
========================================================================
Received Prepare
Registering precompiled user dll's ...
Registered in 0.014247 seconds.
Begin MonoManager ReloadAssembly
Symbol file LoadedFromMemory doesn't match image C:\Users\Angel\Desktop\Unity Proyects\Sapo-Maurrice\Library\PackageCache\com.unity.visualscripting@1.8.0\Editor\VisualScripting.Core\Dependencies\YamlDotNet\Unity.VisualScripting.YamlDotNet.dll
Symbol file LoadedFromMemory doesn't match image C:\Users\Angel\Desktop\Unity Proyects\Sapo-Maurrice\Library\PackageCache\com.unity.visualscripting@1.8.0\Editor\VisualScripting.Core\Dependencies\DotNetZip\Unity.VisualScripting.IonicZip.dll
Native extension for WindowsStandalone target not found
Native extension for Android target not found
Refreshing native plugins compatible for Editor in 2.13 ms, found 4 plugins.
Preloading 0 native plugins for Editor in 0.00 ms.
Mono: successfully reloaded assembly
- Completed reload, in  2.825 seconds
Domain Reload Profiling:
	ReloadAssembly (2827ms)
		BeginReloadAssembly (303ms)
			ExecutionOrderSort (0ms)
			DisableScriptedObjects (16ms)
			BackupInstance (0ms)
			ReleaseScriptingObjects (0ms)
			CreateAndSetChildDomain (77ms)
		EndReloadAssembly (2262ms)
			LoadAssemblies (248ms)
			RebuildTransferFunctionScriptingTraits (0ms)
			SetupTypeCache (607ms)
			ReleaseScriptCaches (5ms)
			RebuildScriptCaches (127ms)
			SetupLoadedEditorAssemblies (1041ms)
				LogAssemblyErrors (0ms)
				InitializePlatformSupportModulesInManaged (51ms)
				SetLoadedEditorAssemblies (1ms)
				RefreshPlugins (2ms)
				BeforeProcessingInitializeOnLoad (204ms)
				ProcessInitializeOnLoadAttributes (532ms)
				ProcessInitializeOnLoadMethodAttributes (228ms)
				AfterProcessingInitializeOnLoad (23ms)
				EditorAssembliesLoaded (0ms)
			ExecutionOrderSort2 (0ms)
			AwakeInstancesAfterBackupRestoration (27ms)
Platform modules already initialized, skipping
Refreshing native plugins compatible for Editor in 6.32 ms, found 4 plugins.
Preloading 0 native plugins for Editor in 0.00 ms.
Unloading 5401 Unused Serialized files (Serialized files now loaded: 0)
Unloading 28 unused Assets / (0.8 MB). Loaded Objects now: 6323.
Memory consumption went from 217.6 MB to 216.9 MB.
Total: 9.882300 ms (FindLiveObjects: 1.004600 ms CreateObjectMapping: 1.156200 ms MarkObjects: 6.821600 ms  DeleteObjects: 0.898100 ms)

AssetImportParameters requested are different than current active one (requested -> active):
  custom:video-decoder-ogg-theora: a1e56fd34408186e4bbccfd4996cb3dc -> 
  custom:container-muxer-webm: aa71ff27fc2769a1b78a27578f13a17b -> 
  custom:container-demuxer-webm: 4f35f7cbe854078d1ac9338744f61a02 -> 
  custom:video-encoder-webm-vp8: eb34c28f22e8b96e1ab97ce403110664 -> 
  custom:audio-encoder-webm-vorbis: bf7c407c2cedff20999df2af8eb42d56 -> 
  custom:framework-win-MediaFoundation: 216162199b28c13a410421893ffa2e32 -> 
  custom:container-demuxer-ogg: 62fdf1f143b41e24485cea50d1cbac27 -> 
  custom:video-decoder-webm-vp8: 9c59270c3fd7afecdb556c50c9e8de78 -> 
  custom:audio-decoder-ogg-vorbis: bf7c407c2cedff20999df2af8eb42d56 -> 
