Using pre-set license
Built from '2021.3/staging' branch; Version is '2021.3.26f1 (a16dc32e0ff2) revision 10579395'; Using compiler version '192829333'; Build Type 'Release'
OS: 'Windows 10  (10.0.19045) 64bit Core' Language: 'es' Physical Memory: 8127 MB
BatchMode: 1, IsHumanControllingUs: 0, StartBugReporterOnCrash: 0, Is64bit: 1, IsPro: 1

COMMAND LINE ARGUMENTS:
C:\Program Files\Unity\Hub\Editor\2021.3.26f1\Editor\Unity.exe
-adb2
-batchMode
-noUpm
-name
AssetImportWorker6
-projectPath
F:/sapo maurice/Sapo-Maurrice/Sapo-Maurrice
-logFile
Logs/AssetImportWorker6.log
-srvPort
52113
Successfully changed project path to: F:/sapo maurice/Sapo-Maurrice/Sapo-Maurrice
F:/sapo maurice/Sapo-Maurrice/Sapo-Maurrice
[UnityMemory] Configuration Parameters - Can be set up in boot.config
    "memorysetup-bucket-allocator-granularity=16"
    "memorysetup-bucket-allocator-bucket-count=8"
    "memorysetup-bucket-allocator-block-size=33554432"
    "memorysetup-bucket-allocator-block-count=8"
    "memorysetup-main-allocator-block-size=16777216"
    "memorysetup-thread-allocator-block-size=16777216"
    "memorysetup-gfx-main-allocator-block-size=16777216"
    "memorysetup-gfx-thread-allocator-block-size=16777216"
    "memorysetup-cache-allocator-block-size=4194304"
    "memorysetup-typetree-allocator-block-size=2097152"
    "memorysetup-profiler-bucket-allocator-granularity=16"
    "memorysetup-profiler-bucket-allocator-bucket-count=8"
    "memorysetup-profiler-bucket-allocator-block-size=33554432"
    "memorysetup-profiler-bucket-allocator-block-count=8"
    "memorysetup-profiler-allocator-block-size=16777216"
    "memorysetup-profiler-editor-allocator-block-size=1048576"
    "memorysetup-temp-allocator-size-main=16777216"
    "memorysetup-job-temp-allocator-block-size=2097152"
    "memorysetup-job-temp-allocator-block-size-background=1048576"
    "memorysetup-job-temp-allocator-reduction-small-platforms=262144"
    "memorysetup-temp-allocator-size-background-worker=32768"
    "memorysetup-temp-allocator-size-job-worker=262144"
    "memorysetup-temp-allocator-size-preload-manager=33554432"
    "memorysetup-temp-allocator-size-nav-mesh-worker=65536"
    "memorysetup-temp-allocator-size-audio-worker=65536"
    "memorysetup-temp-allocator-size-cloud-worker=32768"
    "memorysetup-temp-allocator-size-gi-baking-worker=262144"
    "memorysetup-temp-allocator-size-gfx=262144"
Player connection [15476] Host "[IP] 192.168.1.85 [Port] 0 [Flags] 2 [Guid] 208576965 [EditorId] 208576965 [Version] 1048832 [Id] WindowsEditor(7,DESKTOP-F25SOUV) [Debug] 1 [PackageName] WindowsEditor [ProjectName] Editor" joined multi-casting on [225.0.0.222:54997]...

Player connection [15476] Host "[IP] 192.168.1.85 [Port] 0 [Flags] 2 [Guid] 208576965 [EditorId] 208576965 [Version] 1048832 [Id] WindowsEditor(7,DESKTOP-F25SOUV) [Debug] 1 [PackageName] WindowsEditor [ProjectName] Editor" joined alternative multi-casting on [225.0.0.222:34997]...

Refreshing native plugins compatible for Editor in 2076.09 ms, found 4 plugins.
Preloading 0 native plugins for Editor in 0.00 ms.
Initialize engine version: 2021.3.26f1 (a16dc32e0ff2)
[Subsystems] Discovering subsystems at path C:/Program Files/Unity/Hub/Editor/2021.3.26f1/Editor/Data/Resources/UnitySubsystems
[Subsystems] Discovering subsystems at path F:/sapo maurice/Sapo-Maurrice/Sapo-Maurrice/Assets
GfxDevice: creating device client; threaded=0; jobified=0
Direct3D:
    Version:  Direct3D 11.0 [level 11.0]
    Renderer: NVIDIA Quadro 600 (ID=0xdf8)
    Vendor:   NVIDIA
    VRAM:     979 MB
    Driver:   21.21.13.7783
Initialize mono
Mono path[0] = 'C:/Program Files/Unity/Hub/Editor/2021.3.26f1/Editor/Data/Managed'
Mono path[1] = 'C:/Program Files/Unity/Hub/Editor/2021.3.26f1/Editor/Data/MonoBleedingEdge/lib/mono/unityjit-win32'
Mono config path = 'C:/Program Files/Unity/Hub/Editor/2021.3.26f1/Editor/Data/MonoBleedingEdge/etc'
Using monoOptions --debugger-agent=transport=dt_socket,embedding=1,server=y,suspend=n,address=127.0.0.1:56952
Begin MonoManager ReloadAssembly
Registering precompiled unity dll's ...
Register platform support module: C:/Program Files/Unity/Hub/Editor/2021.3.26f1/Editor/Data/PlaybackEngines/WindowsStandaloneSupport/UnityEditor.WindowsStandalone.Extensions.dll
Registered in 0.024620 seconds.
Native extension for WindowsStandalone target not found
Refreshing native plugins compatible for Editor in 1221.25 ms, found 4 plugins.
Preloading 0 native plugins for Editor in 0.00 ms.
Mono: successfully reloaded assembly
- Completed reload, in  5.963 seconds
Domain Reload Profiling:
	ReloadAssembly (5965ms)
		BeginReloadAssembly (1141ms)
			ExecutionOrderSort (0ms)
			DisableScriptedObjects (0ms)
			BackupInstance (0ms)
			ReleaseScriptingObjects (0ms)
			CreateAndSetChildDomain (1ms)
		EndReloadAssembly (4033ms)
			LoadAssemblies (1133ms)
			RebuildTransferFunctionScriptingTraits (0ms)
			SetupTypeCache (1678ms)
			ReleaseScriptCaches (0ms)
			RebuildScriptCaches (147ms)
			SetupLoadedEditorAssemblies (1972ms)
				LogAssemblyErrors (0ms)
				InitializePlatformSupportModulesInManaged (50ms)
				SetLoadedEditorAssemblies (1ms)
				RefreshPlugins (1221ms)
				BeforeProcessingInitializeOnLoad (3ms)
				ProcessInitializeOnLoadAttributes (494ms)
				ProcessInitializeOnLoadMethodAttributes (203ms)
				AfterProcessingInitializeOnLoad (0ms)
				EditorAssembliesLoaded (0ms)
			ExecutionOrderSort2 (0ms)
			AwakeInstancesAfterBackupRestoration (0ms)
Platform modules already initialized, skipping
Registering precompiled user dll's ...
Registered in 0.006105 seconds.
Begin MonoManager ReloadAssembly
Symbol file LoadedFromMemory doesn't match image F:\sapo maurice\Sapo-Maurrice\Sapo-Maurrice\Library\PackageCache\com.unity.visualscripting@1.8.0\Editor\VisualScripting.Core\Dependencies\YamlDotNet\Unity.VisualScripting.YamlDotNet.dll
Symbol file LoadedFromMemory doesn't match image F:\sapo maurice\Sapo-Maurrice\Sapo-Maurrice\Library\PackageCache\com.unity.visualscripting@1.8.0\Editor\VisualScripting.Core\Dependencies\DotNetZip\Unity.VisualScripting.IonicZip.dll
Native extension for WindowsStandalone target not found
Refreshing native plugins compatible for Editor in 248.95 ms, found 4 plugins.
Preloading 0 native plugins for Editor in 0.00 ms.
Mono: successfully reloaded assembly
- Completed reload, in  4.080 seconds
Domain Reload Profiling:
	ReloadAssembly (4081ms)
		BeginReloadAssembly (239ms)
			ExecutionOrderSort (0ms)
			DisableScriptedObjects (10ms)
			BackupInstance (0ms)
			ReleaseScriptingObjects (0ms)
			CreateAndSetChildDomain (45ms)
		EndReloadAssembly (3646ms)
			LoadAssemblies (217ms)
			RebuildTransferFunctionScriptingTraits (0ms)
			SetupTypeCache (619ms)
			ReleaseScriptCaches (3ms)
			RebuildScriptCaches (368ms)
			SetupLoadedEditorAssemblies (1983ms)
				LogAssemblyErrors (0ms)
				InitializePlatformSupportModulesInManaged (34ms)
				SetLoadedEditorAssemblies (3ms)
				RefreshPlugins (249ms)
				BeforeProcessingInitializeOnLoad (438ms)
				ProcessInitializeOnLoadAttributes (1057ms)
				ProcessInitializeOnLoadMethodAttributes (191ms)
				AfterProcessingInitializeOnLoad (12ms)
				EditorAssembliesLoaded (0ms)
			ExecutionOrderSort2 (0ms)
			AwakeInstancesAfterBackupRestoration (12ms)
Platform modules already initialized, skipping
========================================================================
Worker process is ready to serve import requests
Launched and connected shader compiler UnityShaderCompiler.exe after 0.67 seconds
Refreshing native plugins compatible for Editor in 3.09 ms, found 4 plugins.
Preloading 0 native plugins for Editor in 0.00 ms.
Unloading 5398 Unused Serialized files (Serialized files now loaded: 0)
Unloading 53 unused Assets / (0.8 MB). Loaded Objects now: 5851.
Memory consumption went from 216.4 MB to 215.6 MB.
Total: 13.148700 ms (FindLiveObjects: 0.935900 ms CreateObjectMapping: 1.104200 ms MarkObjects: 6.983100 ms  DeleteObjects: 4.123600 ms)

AssetImportParameters requested are different than current active one (requested -> active):
  custom:video-decoder-ogg-theora: a1e56fd34408186e4bbccfd4996cb3dc -> 
  custom:container-muxer-webm: aa71ff27fc2769a1b78a27578f13a17b -> 
  custom:container-demuxer-webm: 4f35f7cbe854078d1ac9338744f61a02 -> 
  custom:video-encoder-webm-vp8: eb34c28f22e8b96e1ab97ce403110664 -> 
  custom:audio-encoder-webm-vorbis: bf7c407c2cedff20999df2af8eb42d56 -> 
  custom:framework-win-MediaFoundation: 216162199b28c13a410421893ffa2e32 -> 
  custom:container-demuxer-ogg: 62fdf1f143b41e24485cea50d1cbac27 -> 
  custom:video-decoder-webm-vp8: 9c59270c3fd7afecdb556c50c9e8de78 -> 
  custom:audio-decoder-ogg-vorbis: bf7c407c2cedff20999df2af8eb42d56 -> 
========================================================================
Received Import Request.
  Time since last request: 623881.336272 seconds.
  path: Assets/Scenes/Pantalla_Inicio.unity
  artifactKey: Guid(8c9cfa26abfee488c85f1582747f6a02) Importer(815301076,1909f56bfc062723c751e8b465ee728b)
Start importing Assets/Scenes/Pantalla_Inicio.unity using Guid(8c9cfa26abfee488c85f1582747f6a02) Importer(815301076,1909f56bfc062723c751e8b465ee728b)  -> (artifact id: '6e6d2c772c96c4b8cfb1371855e7a479') in 0.065150 seconds 
========================================================================
Received Import Request.
  Time since last request: 11.529191 seconds.
  path: Assets/Angel/PreFabs
  artifactKey: Guid(854d2c84566cb2a4fbdafe3e6911c39d) Importer(815301076,1909f56bfc062723c751e8b465ee728b)
Start importing Assets/Angel/PreFabs using Guid(854d2c84566cb2a4fbdafe3e6911c39d) Importer(815301076,1909f56bfc062723c751e8b465ee728b)  -> (artifact id: '80f289cd4ccef3c46d272e047254e8aa') in 0.001584 seconds 
========================================================================
Received Import Request.
  Time since last request: 2.191019 seconds.
  path: Assets/Angel/Arte
  artifactKey: Guid(f5953502e481fc848961d85a7b6a48d9) Importer(815301076,1909f56bfc062723c751e8b465ee728b)
Start importing Assets/Angel/Arte using Guid(f5953502e481fc848961d85a7b6a48d9) Importer(815301076,1909f56bfc062723c751e8b465ee728b)  -> (artifact id: 'b21b1083823b91e51f579802338b85c9') in 0.003102 seconds 
========================================================================
Received Import Request.
  Time since last request: 1.423735 seconds.
  path: Assets/Angel/Scripts
  artifactKey: Guid(e2ebaed94914b5c46a2760995d33e95a) Importer(815301076,1909f56bfc062723c751e8b465ee728b)
Start importing Assets/Angel/Scripts using Guid(e2ebaed94914b5c46a2760995d33e95a) Importer(815301076,1909f56bfc062723c751e8b465ee728b)  -> (artifact id: 'dc60150e02762f073f57ca9e3cb7f2bf') in 0.002364 seconds 
========================================================================
Received Import Request.
  Time since last request: 1.842895 seconds.
  path: Assets/UniversalRenderPipelineGlobalSettings.asset
  artifactKey: Guid(5b94a5cd9ee680d4fb5b14c2733f9f3b) Importer(815301076,1909f56bfc062723c751e8b465ee728b)
Start importing Assets/UniversalRenderPipelineGlobalSettings.asset using Guid(5b94a5cd9ee680d4fb5b14c2733f9f3b) Importer(815301076,1909f56bfc062723c751e8b465ee728b)  -> (artifact id: 'cadd702dbba02a4e88b42853eab5410f') in 0.063034 seconds 
========================================================================
Received Import Request.
  Time since last request: 2.015520 seconds.
  path: Assets
  artifactKey: Guid(00000000000000001000000000000000) Importer(815301076,1909f56bfc062723c751e8b465ee728b)
Start importing Assets using Guid(00000000000000001000000000000000) Importer(815301076,1909f56bfc062723c751e8b465ee728b)  -> (artifact id: '79842766b460edbeab6a34051e857a80') in 0.002635 seconds 
========================================================================
Received Import Request.
  Time since last request: 8.220875 seconds.
  path: Assets/ilians
  artifactKey: Guid(3b27dcdfa914155448561da868c5775a) Importer(815301076,1909f56bfc062723c751e8b465ee728b)
Start importing Assets/ilians using Guid(3b27dcdfa914155448561da868c5775a) Importer(815301076,1909f56bfc062723c751e8b465ee728b)  -> (artifact id: '1454a4bca8ee3cc4ee34ff4bc6013b3a') in 0.004580 seconds 
========================================================================
Received Import Request.
  Time since last request: 32.401704 seconds.
  path: Assets/ilians/general.mixer
  artifactKey: Guid(9b98cf5c4f9cd0b448ef2a5e6aab0b7e) Importer(815301076,1909f56bfc062723c751e8b465ee728b)
Start importing Assets/ilians/general.mixer using Guid(9b98cf5c4f9cd0b448ef2a5e6aab0b7e) Importer(815301076,1909f56bfc062723c751e8b465ee728b)  -> (artifact id: '8b2434b35a55e4e87a0a0880b01c2c62') in 0.008238 seconds 
========================================================================
Received Import Request.
  Time since last request: 60.436858 seconds.
  path: Assets/ilians/general.mixer
  artifactKey: Guid(9b98cf5c4f9cd0b448ef2a5e6aab0b7e) Importer(815301076,1909f56bfc062723c751e8b465ee728b)
Start importing Assets/ilians/general.mixer using Guid(9b98cf5c4f9cd0b448ef2a5e6aab0b7e) Importer(815301076,1909f56bfc062723c751e8b465ee728b)  -> (artifact id: 'f9a6fc20b739f1fc860a837076e9d6b8') in 0.004725 seconds 
========================================================================
Received Import Request.
  Time since last request: 16.685590 seconds.
  path: Assets/ilians/general.mixer
  artifactKey: Guid(9b98cf5c4f9cd0b448ef2a5e6aab0b7e) Importer(815301076,1909f56bfc062723c751e8b465ee728b)
Start importing Assets/ilians/general.mixer using Guid(9b98cf5c4f9cd0b448ef2a5e6aab0b7e) Importer(815301076,1909f56bfc062723c751e8b465ee728b)  -> (artifact id: 'ebf7153ca0da8ab275d4223ae168cd16') in 0.005586 seconds 
========================================================================
Received Import Request.
  Time since last request: 3.628758 seconds.
  path: Assets/ilians/general.mixer
  artifactKey: Guid(9b98cf5c4f9cd0b448ef2a5e6aab0b7e) Importer(815301076,1909f56bfc062723c751e8b465ee728b)
Start importing Assets/ilians/general.mixer using Guid(9b98cf5c4f9cd0b448ef2a5e6aab0b7e) Importer(815301076,1909f56bfc062723c751e8b465ee728b)  -> (artifact id: '6caab82fc2d99c60eba4b9062881e3e3') in 0.003187 seconds 
========================================================================
Received Import Request.
  Time since last request: 5.681813 seconds.
  path: Assets/ilians/general.mixer
  artifactKey: Guid(9b98cf5c4f9cd0b448ef2a5e6aab0b7e) Importer(815301076,1909f56bfc062723c751e8b465ee728b)
Start importing Assets/ilians/general.mixer using Guid(9b98cf5c4f9cd0b448ef2a5e6aab0b7e) Importer(815301076,1909f56bfc062723c751e8b465ee728b)  -> (artifact id: 'bcb6e277982ffc787efc9781a73bf3ae') in 0.004636 seconds 
========================================================================
Received Import Request.
  Time since last request: 1.652931 seconds.
  path: Assets/ilians/general.mixer
  artifactKey: Guid(9b98cf5c4f9cd0b448ef2a5e6aab0b7e) Importer(815301076,1909f56bfc062723c751e8b465ee728b)
Start importing Assets/ilians/general.mixer using Guid(9b98cf5c4f9cd0b448ef2a5e6aab0b7e) Importer(815301076,1909f56bfc062723c751e8b465ee728b)  -> (artifact id: 'e850438ebf72ed5aa283eaf050c6e6fd') in 0.008913 seconds 
========================================================================
Received Import Request.
  Time since last request: 7.013595 seconds.
  path: Assets/ilians/general.mixer
  artifactKey: Guid(9b98cf5c4f9cd0b448ef2a5e6aab0b7e) Importer(815301076,1909f56bfc062723c751e8b465ee728b)
Start importing Assets/ilians/general.mixer using Guid(9b98cf5c4f9cd0b448ef2a5e6aab0b7e) Importer(815301076,1909f56bfc062723c751e8b465ee728b)  -> (artifact id: '8698e42c2965defe4f6769757545e81f') in 0.005734 seconds 
========================================================================
Received Import Request.
  Time since last request: 16.256736 seconds.
  path: Assets/ilians/general.mixer
  artifactKey: Guid(9b98cf5c4f9cd0b448ef2a5e6aab0b7e) Importer(815301076,1909f56bfc062723c751e8b465ee728b)
Start importing Assets/ilians/general.mixer using Guid(9b98cf5c4f9cd0b448ef2a5e6aab0b7e) Importer(815301076,1909f56bfc062723c751e8b465ee728b)  -> (artifact id: '953ccae35cbc59dffe0a154a2b364ecc') in 0.005877 seconds 
